{"/Users/morgado/Desktop/turbo-biz-funds/dist/assets/AdminDashboard-BjGDNcf4.js": {"path":"/Users/morgado/Desktop/turbo-biz-funds/dist/assets/AdminDashboard-BjGDNcf4.js","all":true,"statementMap":{"0":{"start":{"line":1,"column":0},"end":{"line":1,"column":7906}}},"s":{"0":0},"branchMap":{"0":{"type":"branch","line":1,"loc":{"start":{"line":1,"column":0},"end":{"line":1,"column":5187}},"locations":[{"start":{"line":1,"column":0},"end":{"line":1,"column":5187}}]}},"b":{"0":[0]},"fnMap":{"0":{"name":"(empty-report)","decl":{"start":{"line":1,"column":0},"end":{"line":1,"column":5187}},"loc":{"start":{"line":1,"column":0},"end":{"line":1,"column":5187}},"line":1}},"f":{"0":0}}
,"/Users/morgado/Desktop/turbo-biz-funds/dist/assets/AdminLayout-DnLrQ49h.js": {"path":"/Users/morgado/Desktop/turbo-biz-funds/dist/assets/AdminLayout-DnLrQ49h.js","all":true,"statementMap":{"0":{"start":{"line":1,"column":0},"end":{"line":1,"column":4680}}},"s":{"0":0},"branchMap":{"0":{"type":"branch","line":1,"loc":{"start":{"line":1,"column":0},"end":{"line":1,"column":2938}},"locations":[{"start":{"line":1,"column":0},"end":{"line":1,"column":2938}}]}},"b":{"0":[0]},"fnMap":{"0":{"name":"(empty-report)","decl":{"start":{"line":1,"column":0},"end":{"line":1,"column":2938}},"loc":{"start":{"line":1,"column":0},"end":{"line":1,"column":2938}},"line":1}},"f":{"0":0}}
,"/Users/morgado/Desktop/turbo-biz-funds/dist/assets/AdminPlans--iRY24LH.js": {"path":"/Users/morgado/Desktop/turbo-biz-funds/dist/assets/AdminPlans--iRY24LH.js","all":true,"statementMap":{"0":{"start":{"line":1,"column":0},"end":{"line":1,"column":1304}},"1":{"start":{"line":2,"column":0},"end":{"line":2,"column":39}},"2":{"start":{"line":3,"column":0},"end":{"line":3,"column":2}},"3":{"start":{"line":4,"column":0},"end":{"line":4,"column":54}},"4":{"start":{"line":5,"column":0},"end":{"line":5,"column":66}},"5":{"start":{"line":6,"column":0},"end":{"line":6,"column":13681}}},"s":{"0":0,"1":0,"2":0,"3":0,"4":0,"5":0},"branchMap":{"0":{"type":"branch","line":1,"loc":{"start":{"line":1,"column":0},"end":{"line":6,"column":9050}},"locations":[{"start":{"line":1,"column":0},"end":{"line":6,"column":9050}}]}},"b":{"0":[0]},"fnMap":{"0":{"name":"(empty-report)","decl":{"start":{"line":1,"column":0},"end":{"line":6,"column":9050}},"loc":{"start":{"line":1,"column":0},"end":{"line":6,"column":9050}},"line":1}},"f":{"0":0}}
,"/Users/morgado/Desktop/turbo-biz-funds/dist/assets/AdminUsers-XtMsVX60.js": {"path":"/Users/morgado/Desktop/turbo-biz-funds/dist/assets/AdminUsers-XtMsVX60.js","all":true,"statementMap":{"0":{"start":{"line":1,"column":0},"end":{"line":1,"column":1511}},"1":{"start":{"line":2,"column":0},"end":{"line":2,"column":39}},"2":{"start":{"line":3,"column":0},"end":{"line":3,"column":2}},"3":{"start":{"line":4,"column":0},"end":{"line":4,"column":54}},"4":{"start":{"line":5,"column":0},"end":{"line":5,"column":66}},"5":{"start":{"line":6,"column":0},"end":{"line":6,"column":123}},"6":{"start":{"line":7,"column":0},"end":{"line":7,"column":39}},"7":{"start":{"line":8,"column":0},"end":{"line":8,"column":2}},"8":{"start":{"line":9,"column":0},"end":{"line":9,"column":54}},"9":{"start":{"line":10,"column":0},"end":{"line":10,"column":66}},"10":{"start":{"line":11,"column":0},"end":{"line":11,"column":78}},"11":{"start":{"line":12,"column":0},"end":{"line":12,"column":39}},"12":{"start":{"line":13,"column":0},"end":{"line":13,"column":2}},"13":{"start":{"line":14,"column":0},"end":{"line":14,"column":54}},"14":{"start":{"line":15,"column":0},"end":{"line":15,"column":66}},"15":{"start":{"line":16,"column":0},"end":{"line":16,"column":76}},"16":{"start":{"line":17,"column":0},"end":{"line":17,"column":39}},"17":{"start":{"line":18,"column":0},"end":{"line":18,"column":2}},"18":{"start":{"line":19,"column":0},"end":{"line":19,"column":54}},"19":{"start":{"line":20,"column":0},"end":{"line":20,"column":66}},"20":{"start":{"line":21,"column":0},"end":{"line":21,"column":28609}}},"s":{"0":0,"1":0,"2":0,"3":0,"4":0,"5":0,"6":0,"7":0,"8":0,"9":0,"10":0,"11":0,"12":0,"13":0,"14":0,"15":0,"16":0,"17":0,"18":0,"19":0,"20":0},"branchMap":{"0":{"type":"branch","line":1,"loc":{"start":{"line":1,"column":0},"end":{"line":21,"column":21671}},"locations":[{"start":{"line":1,"column":0},"end":{"line":21,"column":21671}}]}},"b":{"0":[0]},"fnMap":{"0":{"name":"(empty-report)","decl":{"start":{"line":1,"column":0},"end":{"line":21,"column":21671}},"loc":{"start":{"line":1,"column":0},"end":{"line":21,"column":21671}},"line":1}},"f":{"0":0}}
,"/Users/morgado/Desktop/turbo-biz-funds/dist/assets/AppShell-CKMvYurn.js": {"path":"/Users/morgado/Desktop/turbo-biz-funds/dist/assets/AppShell-CKMvYurn.js","all":true,"statementMap":{"0":{"start":{"line":1,"column":0},"end":{"line":1,"column":1976}},"1":{"start":{"line":2,"column":0},"end":{"line":2,"column":31112}}},"s":{"0":0,"1":0},"branchMap":{"0":{"type":"branch","line":1,"loc":{"start":{"line":1,"column":0},"end":{"line":2,"column":26182}},"locations":[{"start":{"line":1,"column":0},"end":{"line":2,"column":26182}}]}},"b":{"0":[0]},"fnMap":{"0":{"name":"(empty-report)","decl":{"start":{"line":1,"column":0},"end":{"line":2,"column":26182}},"loc":{"start":{"line":1,"column":0},"end":{"line":2,"column":26182}},"line":1}},"f":{"0":0}}
,"/Users/morgado/Desktop/turbo-biz-funds/dist/assets/Cadastro-ed1mmlVs.js": {"path":"/Users/morgado/Desktop/turbo-biz-funds/dist/assets/Cadastro-ed1mmlVs.js","all":true,"statementMap":{"0":{"start":{"line":1,"column":0},"end":{"line":1,"column":10214}}},"s":{"0":0},"branchMap":{"0":{"type":"branch","line":1,"loc":{"start":{"line":1,"column":0},"end":{"line":1,"column":7237}},"locations":[{"start":{"line":1,"column":0},"end":{"line":1,"column":7237}}]}},"b":{"0":[0]},"fnMap":{"0":{"name":"(empty-report)","decl":{"start":{"line":1,"column":0},"end":{"line":1,"column":7237}},"loc":{"start":{"line":1,"column":0},"end":{"line":1,"column":7237}},"line":1}},"f":{"0":0}}
,"/Users/morgado/Desktop/turbo-biz-funds/dist/assets/Cards-Ch82TluH.js": {"path":"/Users/morgado/Desktop/turbo-biz-funds/dist/assets/Cards-Ch82TluH.js","all":true,"statementMap":{"0":{"start":{"line":1,"column":0},"end":{"line":1,"column":4527}}},"s":{"0":0},"branchMap":{"0":{"type":"branch","line":1,"loc":{"start":{"line":1,"column":0},"end":{"line":1,"column":2789}},"locations":[{"start":{"line":1,"column":0},"end":{"line":1,"column":2789}}]}},"b":{"0":[0]},"fnMap":{"0":{"name":"(empty-report)","decl":{"start":{"line":1,"column":0},"end":{"line":1,"column":2789}},"loc":{"start":{"line":1,"column":0},"end":{"line":1,"column":2789}},"line":1}},"f":{"0":0}}
,"/Users/morgado/Desktop/turbo-biz-funds/dist/assets/Categories-CVDqBL3y.js": {"path":"/Users/morgado/Desktop/turbo-biz-funds/dist/assets/Categories-CVDqBL3y.js","all":true,"statementMap":{"0":{"start":{"line":1,"column":0},"end":{"line":1,"column":3816}}},"s":{"0":0},"branchMap":{"0":{"type":"branch","line":1,"loc":{"start":{"line":1,"column":0},"end":{"line":1,"column":2381}},"locations":[{"start":{"line":1,"column":0},"end":{"line":1,"column":2381}}]}},"b":{"0":[0]},"fnMap":{"0":{"name":"(empty-report)","decl":{"start":{"line":1,"column":0},"end":{"line":1,"column":2381}},"loc":{"start":{"line":1,"column":0},"end":{"line":1,"column":2381}},"line":1}},"f":{"0":0}}
,"/Users/morgado/Desktop/turbo-biz-funds/dist/assets/FAQ-Du1IULgh.js": {"path":"/Users/morgado/Desktop/turbo-biz-funds/dist/assets/FAQ-Du1IULgh.js","all":true,"statementMap":{"0":{"start":{"line":1,"column":0},"end":{"line":1,"column":4202}}},"s":{"0":0},"branchMap":{"0":{"type":"branch","line":1,"loc":{"start":{"line":1,"column":0},"end":{"line":1,"column":3405}},"locations":[{"start":{"line":1,"column":0},"end":{"line":1,"column":3405}}]}},"b":{"0":[0]},"fnMap":{"0":{"name":"(empty-report)","decl":{"start":{"line":1,"column":0},"end":{"line":1,"column":3405}},"loc":{"start":{"line":1,"column":0},"end":{"line":1,"column":3405}},"line":1}},"f":{"0":0}}
,"/Users/morgado/Desktop/turbo-biz-funds/dist/assets/Footer-X3tDONZy.js": {"path":"/Users/morgado/Desktop/turbo-biz-funds/dist/assets/Footer-X3tDONZy.js","all":true,"statementMap":{"0":{"start":{"line":1,"column":0},"end":{"line":1,"column":299}},"1":{"start":{"line":2,"column":0},"end":{"line":2,"column":39}},"2":{"start":{"line":3,"column":0},"end":{"line":3,"column":2}},"3":{"start":{"line":4,"column":0},"end":{"line":4,"column":54}},"4":{"start":{"line":5,"column":0},"end":{"line":5,"column":66}},"5":{"start":{"line":6,"column":0},"end":{"line":6,"column":243}},"6":{"start":{"line":7,"column":0},"end":{"line":7,"column":39}},"7":{"start":{"line":8,"column":0},"end":{"line":8,"column":2}},"8":{"start":{"line":9,"column":0},"end":{"line":9,"column":54}},"9":{"start":{"line":10,"column":0},"end":{"line":10,"column":66}},"10":{"start":{"line":11,"column":0},"end":{"line":11,"column":3465}}},"s":{"0":0,"1":0,"2":0,"3":0,"4":0,"5":0,"6":0,"7":0,"8":0,"9":0,"10":0},"branchMap":{"0":{"type":"branch","line":1,"loc":{"start":{"line":1,"column":0},"end":{"line":11,"column":2392}},"locations":[{"start":{"line":1,"column":0},"end":{"line":11,"column":2392}}]}},"b":{"0":[0]},"fnMap":{"0":{"name":"(empty-report)","decl":{"start":{"line":1,"column":0},"end":{"line":11,"column":2392}},"loc":{"start":{"line":1,"column":0},"end":{"line":11,"column":2392}},"line":1}},"f":{"0":0}}
,"/Users/morgado/Desktop/turbo-biz-funds/dist/assets/Goals-tqh9zQcQ.js": {"path":"/Users/morgado/Desktop/turbo-biz-funds/dist/assets/Goals-tqh9zQcQ.js","all":true,"statementMap":{"0":{"start":{"line":1,"column":0},"end":{"line":1,"column":526}},"1":{"start":{"line":2,"column":0},"end":{"line":2,"column":39}},"2":{"start":{"line":3,"column":0},"end":{"line":3,"column":2}},"3":{"start":{"line":4,"column":0},"end":{"line":4,"column":54}},"4":{"start":{"line":5,"column":0},"end":{"line":5,"column":66}},"5":{"start":{"line":6,"column":0},"end":{"line":6,"column":4128}}},"s":{"0":0,"1":0,"2":0,"3":0,"4":0,"5":0},"branchMap":{"0":{"type":"branch","line":1,"loc":{"start":{"line":1,"column":0},"end":{"line":6,"column":2445}},"locations":[{"start":{"line":1,"column":0},"end":{"line":6,"column":2445}}]}},"b":{"0":[0]},"fnMap":{"0":{"name":"(empty-report)","decl":{"start":{"line":1,"column":0},"end":{"line":6,"column":2445}},"loc":{"start":{"line":1,"column":0},"end":{"line":6,"column":2445}},"line":1}},"f":{"0":0}}
,"/Users/morgado/Desktop/turbo-biz-funds/dist/assets/HowItWorks-BUFJV2c7.js": {"path":"/Users/morgado/Desktop/turbo-biz-funds/dist/assets/HowItWorks-BUFJV2c7.js","all":true,"statementMap":{"0":{"start":{"line":1,"column":0},"end":{"line":1,"column":349}},"1":{"start":{"line":2,"column":0},"end":{"line":2,"column":39}},"2":{"start":{"line":3,"column":0},"end":{"line":3,"column":2}},"3":{"start":{"line":4,"column":0},"end":{"line":4,"column":54}},"4":{"start":{"line":5,"column":0},"end":{"line":5,"column":66}},"5":{"start":{"line":6,"column":0},"end":{"line":6,"column":195}},"6":{"start":{"line":7,"column":0},"end":{"line":7,"column":39}},"7":{"start":{"line":8,"column":0},"end":{"line":8,"column":2}},"8":{"start":{"line":9,"column":0},"end":{"line":9,"column":54}},"9":{"start":{"line":10,"column":0},"end":{"line":10,"column":66}},"10":{"start":{"line":11,"column":0},"end":{"line":11,"column":197}},"11":{"start":{"line":12,"column":0},"end":{"line":12,"column":39}},"12":{"start":{"line":13,"column":0},"end":{"line":13,"column":2}},"13":{"start":{"line":14,"column":0},"end":{"line":14,"column":54}},"14":{"start":{"line":15,"column":0},"end":{"line":15,"column":66}},"15":{"start":{"line":16,"column":0},"end":{"line":16,"column":217}},"16":{"start":{"line":17,"column":0},"end":{"line":17,"column":39}},"17":{"start":{"line":18,"column":0},"end":{"line":18,"column":2}},"18":{"start":{"line":19,"column":0},"end":{"line":19,"column":54}},"19":{"start":{"line":20,"column":0},"end":{"line":20,"column":66}},"20":{"start":{"line":21,"column":0},"end":{"line":21,"column":8400}}},"s":{"0":0,"1":0,"2":0,"3":0,"4":0,"5":0,"6":0,"7":0,"8":0,"9":0,"10":0,"11":0,"12":0,"13":0,"14":0,"15":0,"16":0,"17":0,"18":0,"19":0,"20":0},"branchMap":{"0":{"type":"branch","line":1,"loc":{"start":{"line":1,"column":0},"end":{"line":21,"column":6386}},"locations":[{"start":{"line":1,"column":0},"end":{"line":21,"column":6386}}]}},"b":{"0":[0]},"fnMap":{"0":{"name":"(empty-report)","decl":{"start":{"line":1,"column":0},"end":{"line":21,"column":6386}},"loc":{"start":{"line":1,"column":0},"end":{"line":21,"column":6386}},"line":1}},"f":{"0":0}}
,"/Users/morgado/Desktop/turbo-biz-funds/dist/assets/Login-_gw9AGuj.js": {"path":"/Users/morgado/Desktop/turbo-biz-funds/dist/assets/Login-_gw9AGuj.js","all":true,"statementMap":{"0":{"start":{"line":1,"column":0},"end":{"line":1,"column":4945}}},"s":{"0":0},"branchMap":{"0":{"type":"branch","line":1,"loc":{"start":{"line":1,"column":0},"end":{"line":1,"column":3102}},"locations":[{"start":{"line":1,"column":0},"end":{"line":1,"column":3102}}]}},"b":{"0":[0]},"fnMap":{"0":{"name":"(empty-report)","decl":{"start":{"line":1,"column":0},"end":{"line":1,"column":3102}},"loc":{"start":{"line":1,"column":0},"end":{"line":1,"column":3102}},"line":1}},"f":{"0":0}}
,"/Users/morgado/Desktop/turbo-biz-funds/dist/assets/NotFound-CvVuqo_b.js": {"path":"/Users/morgado/Desktop/turbo-biz-funds/dist/assets/NotFound-CvVuqo_b.js","all":true,"statementMap":{"0":{"start":{"line":1,"column":0},"end":{"line":1,"column":711}}},"s":{"0":0},"branchMap":{"0":{"type":"branch","line":1,"loc":{"start":{"line":1,"column":0},"end":{"line":1,"column":430}},"locations":[{"start":{"line":1,"column":0},"end":{"line":1,"column":430}}]}},"b":{"0":[0]},"fnMap":{"0":{"name":"(empty-report)","decl":{"start":{"line":1,"column":0},"end":{"line":1,"column":430}},"loc":{"start":{"line":1,"column":0},"end":{"line":1,"column":430}},"line":1}},"f":{"0":0}}
,"/Users/morgado/Desktop/turbo-biz-funds/dist/assets/PageHeader-B1AVHJW3.js": {"path":"/Users/morgado/Desktop/turbo-biz-funds/dist/assets/PageHeader-B1AVHJW3.js","all":true,"statementMap":{"0":{"start":{"line":1,"column":0},"end":{"line":1,"column":625}}},"s":{"0":0},"branchMap":{"0":{"type":"branch","line":1,"loc":{"start":{"line":1,"column":0},"end":{"line":1,"column":367}},"locations":[{"start":{"line":1,"column":0},"end":{"line":1,"column":367}}]}},"b":{"0":[0]},"fnMap":{"0":{"name":"(empty-report)","decl":{"start":{"line":1,"column":0},"end":{"line":1,"column":367}},"loc":{"start":{"line":1,"column":0},"end":{"line":1,"column":367}},"line":1}},"f":{"0":0}}
,"/Users/morgado/Desktop/turbo-biz-funds/dist/assets/Pricing-JRT1rroO.js": {"path":"/Users/morgado/Desktop/turbo-biz-funds/dist/assets/Pricing-JRT1rroO.js","all":true,"statementMap":{"0":{"start":{"line":1,"column":0},"end":{"line":1,"column":5274}}},"s":{"0":0},"branchMap":{"0":{"type":"branch","line":1,"loc":{"start":{"line":1,"column":0},"end":{"line":1,"column":3864}},"locations":[{"start":{"line":1,"column":0},"end":{"line":1,"column":3864}}]}},"b":{"0":[0]},"fnMap":{"0":{"name":"(empty-report)","decl":{"start":{"line":1,"column":0},"end":{"line":1,"column":3864}},"loc":{"start":{"line":1,"column":0},"end":{"line":1,"column":3864}},"line":1}},"f":{"0":0}}
,"/Users/morgado/Desktop/turbo-biz-funds/dist/assets/Problem-qkM6ugGG.js": {"path":"/Users/morgado/Desktop/turbo-biz-funds/dist/assets/Problem-qkM6ugGG.js","all":true,"statementMap":{"0":{"start":{"line":1,"column":0},"end":{"line":1,"column":784}},"1":{"start":{"line":2,"column":0},"end":{"line":2,"column":39}},"2":{"start":{"line":3,"column":0},"end":{"line":3,"column":2}},"3":{"start":{"line":4,"column":0},"end":{"line":4,"column":54}},"4":{"start":{"line":5,"column":0},"end":{"line":5,"column":66}},"5":{"start":{"line":6,"column":0},"end":{"line":6,"column":681}},"6":{"start":{"line":7,"column":0},"end":{"line":7,"column":39}},"7":{"start":{"line":8,"column":0},"end":{"line":8,"column":2}},"8":{"start":{"line":9,"column":0},"end":{"line":9,"column":54}},"9":{"start":{"line":10,"column":0},"end":{"line":10,"column":66}},"10":{"start":{"line":11,"column":0},"end":{"line":11,"column":341}},"11":{"start":{"line":12,"column":0},"end":{"line":12,"column":39}},"12":{"start":{"line":13,"column":0},"end":{"line":13,"column":2}},"13":{"start":{"line":14,"column":0},"end":{"line":14,"column":54}},"14":{"start":{"line":15,"column":0},"end":{"line":15,"column":66}},"15":{"start":{"line":16,"column":0},"end":{"line":16,"column":7201}}},"s":{"0":0,"1":0,"2":0,"3":0,"4":0,"5":0,"6":0,"7":0,"8":0,"9":0,"10":0,"11":0,"12":0,"13":0,"14":0,"15":0},"branchMap":{"0":{"type":"branch","line":1,"loc":{"start":{"line":1,"column":0},"end":{"line":16,"column":4358}},"locations":[{"start":{"line":1,"column":0},"end":{"line":16,"column":4358}}]}},"b":{"0":[0]},"fnMap":{"0":{"name":"(empty-report)","decl":{"start":{"line":1,"column":0},"end":{"line":16,"column":4358}},"loc":{"start":{"line":1,"column":0},"end":{"line":16,"column":4358}},"line":1}},"f":{"0":0}}
,"/Users/morgado/Desktop/turbo-biz-funds/dist/assets/Settings-xbUPRZ0B.js": {"path":"/Users/morgado/Desktop/turbo-biz-funds/dist/assets/Settings-xbUPRZ0B.js","all":true,"statementMap":{"0":{"start":{"line":1,"column":0},"end":{"line":1,"column":756}},"1":{"start":{"line":2,"column":0},"end":{"line":2,"column":39}},"2":{"start":{"line":3,"column":0},"end":{"line":3,"column":2}},"3":{"start":{"line":4,"column":0},"end":{"line":4,"column":54}},"4":{"start":{"line":5,"column":0},"end":{"line":5,"column":66}},"5":{"start":{"line":6,"column":0},"end":{"line":6,"column":189}},"6":{"start":{"line":7,"column":0},"end":{"line":7,"column":39}},"7":{"start":{"line":8,"column":0},"end":{"line":8,"column":2}},"8":{"start":{"line":9,"column":0},"end":{"line":9,"column":54}},"9":{"start":{"line":10,"column":0},"end":{"line":10,"column":66}},"10":{"start":{"line":11,"column":0},"end":{"line":11,"column":6727}}},"s":{"0":0,"1":0,"2":0,"3":0,"4":0,"5":0,"6":0,"7":0,"8":0,"9":0,"10":0},"branchMap":{"0":{"type":"branch","line":1,"loc":{"start":{"line":1,"column":0},"end":{"line":11,"column":3768}},"locations":[{"start":{"line":1,"column":0},"end":{"line":11,"column":3768}}]}},"b":{"0":[0]},"fnMap":{"0":{"name":"(empty-report)","decl":{"start":{"line":1,"column":0},"end":{"line":11,"column":3768}},"loc":{"start":{"line":1,"column":0},"end":{"line":11,"column":3768}},"line":1}},"f":{"0":0}}
,"/Users/morgado/Desktop/turbo-biz-funds/dist/assets/Testimonials-GLGnIckn.js": {"path":"/Users/morgado/Desktop/turbo-biz-funds/dist/assets/Testimonials-GLGnIckn.js","all":true,"statementMap":{"0":{"start":{"line":1,"column":0},"end":{"line":1,"column":288}},"1":{"start":{"line":2,"column":0},"end":{"line":2,"column":39}},"2":{"start":{"line":3,"column":0},"end":{"line":3,"column":2}},"3":{"start":{"line":4,"column":0},"end":{"line":4,"column":54}},"4":{"start":{"line":5,"column":0},"end":{"line":5,"column":66}},"5":{"start":{"line":6,"column":0},"end":{"line":6,"column":4163}}},"s":{"0":0,"1":0,"2":0,"3":0,"4":0,"5":0},"branchMap":{"0":{"type":"branch","line":1,"loc":{"start":{"line":1,"column":0},"end":{"line":6,"column":3229}},"locations":[{"start":{"line":1,"column":0},"end":{"line":6,"column":3229}}]}},"b":{"0":[0]},"fnMap":{"0":{"name":"(empty-report)","decl":{"start":{"line":1,"column":0},"end":{"line":6,"column":3229}},"loc":{"start":{"line":1,"column":0},"end":{"line":6,"column":3229}},"line":1}},"f":{"0":0}}
,"/Users/morgado/Desktop/turbo-biz-funds/dist/assets/Transactions-CIjzZE4l.js": {"path":"/Users/morgado/Desktop/turbo-biz-funds/dist/assets/Transactions-CIjzZE4l.js","all":true,"statementMap":{"0":{"start":{"line":1,"column":0},"end":{"line":1,"column":625}},"1":{"start":{"line":2,"column":0},"end":{"line":2,"column":39}},"2":{"start":{"line":3,"column":0},"end":{"line":3,"column":2}},"3":{"start":{"line":4,"column":0},"end":{"line":4,"column":54}},"4":{"start":{"line":5,"column":0},"end":{"line":5,"column":66}},"5":{"start":{"line":6,"column":0},"end":{"line":6,"column":3031}}},"s":{"0":0,"1":0,"2":0,"3":0,"4":0,"5":0},"branchMap":{"0":{"type":"branch","line":1,"loc":{"start":{"line":1,"column":0},"end":{"line":6,"column":1548}},"locations":[{"start":{"line":1,"column":0},"end":{"line":6,"column":1548}}]}},"b":{"0":[0]},"fnMap":{"0":{"name":"(empty-report)","decl":{"start":{"line":1,"column":0},"end":{"line":6,"column":1548}},"loc":{"start":{"line":1,"column":0},"end":{"line":6,"column":1548}},"line":1}},"f":{"0":0}}
,"/Users/morgado/Desktop/turbo-biz-funds/dist/assets/UserDashboard-DY_ziwzh.js": {"path":"/Users/morgado/Desktop/turbo-biz-funds/dist/assets/UserDashboard-DY_ziwzh.js","all":true,"statementMap":{"0":{"start":{"line":1,"column":0},"end":{"line":1,"column":797}},"1":{"start":{"line":2,"column":0},"end":{"line":2,"column":39}},"2":{"start":{"line":3,"column":0},"end":{"line":3,"column":2}},"3":{"start":{"line":4,"column":0},"end":{"line":4,"column":54}},"4":{"start":{"line":5,"column":0},"end":{"line":5,"column":66}},"5":{"start":{"line":6,"column":0},"end":{"line":6,"column":1468}},"6":{"start":{"line":7,"column":0},"end":{"line":7,"column":21}},"7":{"start":{"line":8,"column":0},"end":{"line":8,"column":77}},"8":{"start":{"line":9,"column":0},"end":{"line":9,"column":63}},"10":{"start":{"line":11,"column":0},"end":{"line":11,"column":7645}}},"s":{"0":0,"1":0,"2":0,"3":0,"4":0,"5":0,"6":0,"7":0,"8":0,"10":0},"branchMap":{"0":{"type":"branch","line":1,"loc":{"start":{"line":1,"column":0},"end":{"line":11,"column":4533}},"locations":[{"start":{"line":1,"column":0},"end":{"line":11,"column":4533}}]}},"b":{"0":[0]},"fnMap":{"0":{"name":"(empty-report)","decl":{"start":{"line":1,"column":0},"end":{"line":11,"column":4533}},"loc":{"start":{"line":1,"column":0},"end":{"line":11,"column":4533}},"line":1}},"f":{"0":0}}
,"/Users/morgado/Desktop/turbo-biz-funds/dist/assets/UserLayout-tHTvar2P.js": {"path":"/Users/morgado/Desktop/turbo-biz-funds/dist/assets/UserLayout-tHTvar2P.js","all":true,"statementMap":{"0":{"start":{"line":1,"column":0},"end":{"line":1,"column":5978}}},"s":{"0":0},"branchMap":{"0":{"type":"branch","line":1,"loc":{"start":{"line":1,"column":0},"end":{"line":1,"column":3548}},"locations":[{"start":{"line":1,"column":0},"end":{"line":1,"column":3548}}]}},"b":{"0":[0]},"fnMap":{"0":{"name":"(empty-report)","decl":{"start":{"line":1,"column":0},"end":{"line":1,"column":3548}},"loc":{"start":{"line":1,"column":0},"end":{"line":1,"column":3548}},"line":1}},"f":{"0":0}}
,"/Users/morgado/Desktop/turbo-biz-funds/dist/assets/WhatsApp-Bw3_TNEY.js": {"path":"/Users/morgado/Desktop/turbo-biz-funds/dist/assets/WhatsApp-Bw3_TNEY.js","all":true,"statementMap":{"0":{"start":{"line":1,"column":0},"end":{"line":1,"column":556}},"1":{"start":{"line":2,"column":0},"end":{"line":2,"column":39}},"2":{"start":{"line":3,"column":0},"end":{"line":3,"column":2}},"3":{"start":{"line":4,"column":0},"end":{"line":4,"column":54}},"4":{"start":{"line":5,"column":0},"end":{"line":5,"column":66}},"5":{"start":{"line":6,"column":0},"end":{"line":6,"column":183}},"6":{"start":{"line":7,"column":0},"end":{"line":7,"column":39}},"7":{"start":{"line":8,"column":0},"end":{"line":8,"column":2}},"8":{"start":{"line":9,"column":0},"end":{"line":9,"column":54}},"9":{"start":{"line":10,"column":0},"end":{"line":10,"column":66}},"10":{"start":{"line":11,"column":0},"end":{"line":11,"column":5965}}},"s":{"0":0,"1":0,"2":0,"3":0,"4":0,"5":0,"6":0,"7":0,"8":0,"9":0,"10":0},"branchMap":{"0":{"type":"branch","line":1,"loc":{"start":{"line":1,"column":0},"end":{"line":11,"column":3876}},"locations":[{"start":{"line":1,"column":0},"end":{"line":11,"column":3876}}]}},"b":{"0":[0]},"fnMap":{"0":{"name":"(empty-report)","decl":{"start":{"line":1,"column":0},"end":{"line":11,"column":3876}},"loc":{"start":{"line":1,"column":0},"end":{"line":11,"column":3876}},"line":1}},"f":{"0":0}}
,"/Users/morgado/Desktop/turbo-biz-funds/dist/assets/arrow-up-right-DWHMgS0G.js": {"path":"/Users/morgado/Desktop/turbo-biz-funds/dist/assets/arrow-up-right-DWHMgS0G.js","all":true,"statementMap":{"0":{"start":{"line":1,"column":0},"end":{"line":1,"column":43}},"1":{"start":{"line":2,"column":0},"end":{"line":2,"column":39}},"2":{"start":{"line":3,"column":0},"end":{"line":3,"column":2}},"3":{"start":{"line":4,"column":0},"end":{"line":4,"column":54}},"4":{"start":{"line":5,"column":0},"end":{"line":5,"column":66}},"5":{"start":{"line":6,"column":0},"end":{"line":6,"column":114}},"6":{"start":{"line":7,"column":0},"end":{"line":7,"column":39}},"7":{"start":{"line":8,"column":0},"end":{"line":8,"column":2}},"8":{"start":{"line":9,"column":0},"end":{"line":9,"column":54}},"9":{"start":{"line":10,"column":0},"end":{"line":10,"column":66}},"10":{"start":{"line":11,"column":0},"end":{"line":11,"column":131}}},"s":{"0":0,"1":0,"2":0,"3":0,"4":0,"5":0,"6":0,"7":0,"8":0,"9":0,"10":0},"branchMap":{"0":{"type":"branch","line":1,"loc":{"start":{"line":1,"column":0},"end":{"line":11,"column":12}},"locations":[{"start":{"line":1,"column":0},"end":{"line":11,"column":12}}]}},"b":{"0":[0]},"fnMap":{"0":{"name":"(empty-report)","decl":{"start":{"line":1,"column":0},"end":{"line":11,"column":12}},"loc":{"start":{"line":1,"column":0},"end":{"line":11,"column":12}},"line":1}},"f":{"0":0}}
,"/Users/morgado/Desktop/turbo-biz-funds/dist/assets/avatar-C1nULcH6.js": {"path":"/Users/morgado/Desktop/turbo-biz-funds/dist/assets/avatar-C1nULcH6.js","all":true,"statementMap":{"0":{"start":{"line":1,"column":0},"end":{"line":1,"column":226}},"1":{"start":{"line":2,"column":0},"end":{"line":2,"column":17}},"2":{"start":{"line":3,"column":0},"end":{"line":3,"column":45}},"3":{"start":{"line":4,"column":0},"end":{"line":4,"column":2}},"4":{"start":{"line":5,"column":0},"end":{"line":5,"column":53}},"5":{"start":{"line":6,"column":0},"end":{"line":6,"column":2}},"6":{"start":{"line":7,"column":0},"end":{"line":7,"column":66}},"7":{"start":{"line":8,"column":0},"end":{"line":8,"column":58}},"8":{"start":{"line":9,"column":0},"end":{"line":9,"column":2820}}},"s":{"0":0,"1":0,"2":0,"3":0,"4":0,"5":0,"6":0,"7":0,"8":0},"branchMap":{"0":{"type":"branch","line":1,"loc":{"start":{"line":1,"column":0},"end":{"line":9,"column":2064}},"locations":[{"start":{"line":1,"column":0},"end":{"line":9,"column":2064}}]}},"b":{"0":[0]},"fnMap":{"0":{"name":"(empty-report)","decl":{"start":{"line":1,"column":0},"end":{"line":9,"column":2064}},"loc":{"start":{"line":1,"column":0},"end":{"line":9,"column":2064}},"line":1}},"f":{"0":0}}
,"/Users/morgado/Desktop/turbo-biz-funds/dist/assets/badge-EZVvhHlB.js": {"path":"/Users/morgado/Desktop/turbo-biz-funds/dist/assets/badge-EZVvhHlB.js","all":true,"statementMap":{"0":{"start":{"line":1,"column":0},"end":{"line":1,"column":743}}},"s":{"0":0},"branchMap":{"0":{"type":"branch","line":1,"loc":{"start":{"line":1,"column":0},"end":{"line":1,"column":593}},"locations":[{"start":{"line":1,"column":0},"end":{"line":1,"column":593}}]}},"b":{"0":[0]},"fnMap":{"0":{"name":"(empty-report)","decl":{"start":{"line":1,"column":0},"end":{"line":1,"column":593}},"loc":{"start":{"line":1,"column":0},"end":{"line":1,"column":593}},"line":1}},"f":{"0":0}}
,"/Users/morgado/Desktop/turbo-biz-funds/dist/assets/card-BSEk-BIl.js": {"path":"/Users/morgado/Desktop/turbo-biz-funds/dist/assets/card-BSEk-BIl.js","all":true,"statementMap":{"0":{"start":{"line":1,"column":0},"end":{"line":1,"column":1073}}},"s":{"0":0},"branchMap":{"0":{"type":"branch","line":1,"loc":{"start":{"line":1,"column":0},"end":{"line":1,"column":665}},"locations":[{"start":{"line":1,"column":0},"end":{"line":1,"column":665}}]}},"b":{"0":[0]},"fnMap":{"0":{"name":"(empty-report)","decl":{"start":{"line":1,"column":0},"end":{"line":1,"column":665}},"loc":{"start":{"line":1,"column":0},"end":{"line":1,"column":665}},"line":1}},"f":{"0":0}}
,"/Users/morgado/Desktop/turbo-biz-funds/dist/assets/chart-pie-A_4sPgN_.js": {"path":"/Users/morgado/Desktop/turbo-biz-funds/dist/assets/chart-pie-A_4sPgN_.js","all":true,"statementMap":{"0":{"start":{"line":1,"column":0},"end":{"line":1,"column":43}},"1":{"start":{"line":2,"column":0},"end":{"line":2,"column":39}},"2":{"start":{"line":3,"column":0},"end":{"line":3,"column":2}},"3":{"start":{"line":4,"column":0},"end":{"line":4,"column":54}},"4":{"start":{"line":5,"column":0},"end":{"line":5,"column":66}},"5":{"start":{"line":6,"column":0},"end":{"line":6,"column":231}}},"s":{"0":0,"1":0,"2":0,"3":0,"4":0,"5":0},"branchMap":{"0":{"type":"branch","line":1,"loc":{"start":{"line":1,"column":0},"end":{"line":6,"column":134}},"locations":[{"start":{"line":1,"column":0},"end":{"line":6,"column":134}}]}},"b":{"0":[0]},"fnMap":{"0":{"name":"(empty-report)","decl":{"start":{"line":1,"column":0},"end":{"line":6,"column":134}},"loc":{"start":{"line":1,"column":0},"end":{"line":6,"column":134}},"line":1}},"f":{"0":0}}
,"/Users/morgado/Desktop/turbo-biz-funds/dist/assets/check-B65MijBQ.js": {"path":"/Users/morgado/Desktop/turbo-biz-funds/dist/assets/check-B65MijBQ.js","all":true,"statementMap":{"0":{"start":{"line":1,"column":0},"end":{"line":1,"column":43}},"1":{"start":{"line":2,"column":0},"end":{"line":2,"column":39}},"2":{"start":{"line":3,"column":0},"end":{"line":3,"column":2}},"3":{"start":{"line":4,"column":0},"end":{"line":4,"column":54}},"4":{"start":{"line":5,"column":0},"end":{"line":5,"column":66}},"5":{"start":{"line":6,"column":0},"end":{"line":6,"column":83}}},"s":{"0":0,"1":0,"2":0,"3":0,"4":0,"5":0},"branchMap":{"0":{"type":"branch","line":1,"loc":{"start":{"line":1,"column":0},"end":{"line":6,"column":8}},"locations":[{"start":{"line":1,"column":0},"end":{"line":6,"column":8}}]}},"b":{"0":[0]},"fnMap":{"0":{"name":"(empty-report)","decl":{"start":{"line":1,"column":0},"end":{"line":6,"column":8}},"loc":{"start":{"line":1,"column":0},"end":{"line":6,"column":8}},"line":1}},"f":{"0":0}}
,"/Users/morgado/Desktop/turbo-biz-funds/dist/assets/checkbox-CuLJhYkr.js": {"path":"/Users/morgado/Desktop/turbo-biz-funds/dist/assets/checkbox-CuLJhYkr.js","all":true,"statementMap":{"0":{"start":{"line":1,"column":0},"end":{"line":1,"column":3999}}},"s":{"0":0},"branchMap":{"0":{"type":"branch","line":1,"loc":{"start":{"line":1,"column":0},"end":{"line":1,"column":2974}},"locations":[{"start":{"line":1,"column":0},"end":{"line":1,"column":2974}}]}},"b":{"0":[0]},"fnMap":{"0":{"name":"(empty-report)","decl":{"start":{"line":1,"column":0},"end":{"line":1,"column":2974}},"loc":{"start":{"line":1,"column":0},"end":{"line":1,"column":2974}},"line":1}},"f":{"0":0}}
,"/Users/morgado/Desktop/turbo-biz-funds/dist/assets/chevron-down-3hkJWn9B.js": {"path":"/Users/morgado/Desktop/turbo-biz-funds/dist/assets/chevron-down-3hkJWn9B.js","all":true,"statementMap":{"0":{"start":{"line":1,"column":0},"end":{"line":1,"column":43}},"1":{"start":{"line":2,"column":0},"end":{"line":2,"column":39}},"2":{"start":{"line":3,"column":0},"end":{"line":3,"column":2}},"3":{"start":{"line":4,"column":0},"end":{"line":4,"column":54}},"4":{"start":{"line":5,"column":0},"end":{"line":5,"column":66}},"5":{"start":{"line":6,"column":0},"end":{"line":6,"column":86}}},"s":{"0":0,"1":0,"2":0,"3":0,"4":0,"5":0},"branchMap":{"0":{"type":"branch","line":1,"loc":{"start":{"line":1,"column":0},"end":{"line":6,"column":11}},"locations":[{"start":{"line":1,"column":0},"end":{"line":6,"column":11}}]}},"b":{"0":[0]},"fnMap":{"0":{"name":"(empty-report)","decl":{"start":{"line":1,"column":0},"end":{"line":6,"column":11}},"loc":{"start":{"line":1,"column":0},"end":{"line":6,"column":11}},"line":1}},"f":{"0":0}}
,"/Users/morgado/Desktop/turbo-biz-funds/dist/assets/chevron-right-D55xnTTq.js": {"path":"/Users/morgado/Desktop/turbo-biz-funds/dist/assets/chevron-right-D55xnTTq.js","all":true,"statementMap":{"0":{"start":{"line":1,"column":0},"end":{"line":1,"column":43}},"1":{"start":{"line":2,"column":0},"end":{"line":2,"column":39}},"2":{"start":{"line":3,"column":0},"end":{"line":3,"column":2}},"3":{"start":{"line":4,"column":0},"end":{"line":4,"column":54}},"4":{"start":{"line":5,"column":0},"end":{"line":5,"column":66}},"5":{"start":{"line":6,"column":0},"end":{"line":6,"column":88}}},"s":{"0":0,"1":0,"2":0,"3":0,"4":0,"5":0},"branchMap":{"0":{"type":"branch","line":1,"loc":{"start":{"line":1,"column":0},"end":{"line":6,"column":12}},"locations":[{"start":{"line":1,"column":0},"end":{"line":6,"column":12}}]}},"b":{"0":[0]},"fnMap":{"0":{"name":"(empty-report)","decl":{"start":{"line":1,"column":0},"end":{"line":6,"column":12}},"loc":{"start":{"line":1,"column":0},"end":{"line":6,"column":12}},"line":1}},"f":{"0":0}}
,"/Users/morgado/Desktop/turbo-biz-funds/dist/assets/circle-alert-BspKdv61.js": {"path":"/Users/morgado/Desktop/turbo-biz-funds/dist/assets/circle-alert-BspKdv61.js","all":true,"statementMap":{"0":{"start":{"line":1,"column":0},"end":{"line":1,"column":43}},"1":{"start":{"line":2,"column":0},"end":{"line":2,"column":39}},"2":{"start":{"line":3,"column":0},"end":{"line":3,"column":2}},"3":{"start":{"line":4,"column":0},"end":{"line":4,"column":54}},"4":{"start":{"line":5,"column":0},"end":{"line":5,"column":66}},"5":{"start":{"line":6,"column":0},"end":{"line":6,"column":208}}},"s":{"0":0,"1":0,"2":0,"3":0,"4":0,"5":0},"branchMap":{"0":{"type":"branch","line":1,"loc":{"start":{"line":1,"column":0},"end":{"line":6,"column":111}},"locations":[{"start":{"line":1,"column":0},"end":{"line":6,"column":111}}]}},"b":{"0":[0]},"fnMap":{"0":{"name":"(empty-report)","decl":{"start":{"line":1,"column":0},"end":{"line":6,"column":111}},"loc":{"start":{"line":1,"column":0},"end":{"line":6,"column":111}},"line":1}},"f":{"0":0}}
,"/Users/morgado/Desktop/turbo-biz-funds/dist/assets/circle-diAUKXOJ.js": {"path":"/Users/morgado/Desktop/turbo-biz-funds/dist/assets/circle-diAUKXOJ.js","all":true,"statementMap":{"0":{"start":{"line":1,"column":0},"end":{"line":1,"column":43}},"1":{"start":{"line":2,"column":0},"end":{"line":2,"column":39}},"2":{"start":{"line":3,"column":0},"end":{"line":3,"column":2}},"3":{"start":{"line":4,"column":0},"end":{"line":4,"column":54}},"4":{"start":{"line":5,"column":0},"end":{"line":5,"column":66}},"5":{"start":{"line":6,"column":0},"end":{"line":6,"column":89}}},"s":{"0":0,"1":0,"2":0,"3":0,"4":0,"5":0},"branchMap":{"0":{"type":"branch","line":1,"loc":{"start":{"line":1,"column":0},"end":{"line":6,"column":12}},"locations":[{"start":{"line":1,"column":0},"end":{"line":6,"column":12}}]}},"b":{"0":[0]},"fnMap":{"0":{"name":"(empty-report)","decl":{"start":{"line":1,"column":0},"end":{"line":6,"column":12}},"loc":{"start":{"line":1,"column":0},"end":{"line":6,"column":12}},"line":1}},"f":{"0":0}}
,"/Users/morgado/Desktop/turbo-biz-funds/dist/assets/circle-help-BENLHxsg.js": {"path":"/Users/morgado/Desktop/turbo-biz-funds/dist/assets/circle-help-BENLHxsg.js","all":true,"statementMap":{"0":{"start":{"line":1,"column":0},"end":{"line":1,"column":43}},"1":{"start":{"line":2,"column":0},"end":{"line":2,"column":39}},"2":{"start":{"line":3,"column":0},"end":{"line":3,"column":2}},"3":{"start":{"line":4,"column":0},"end":{"line":4,"column":54}},"4":{"start":{"line":5,"column":0},"end":{"line":5,"column":66}},"5":{"start":{"line":6,"column":0},"end":{"line":6,"column":197}}},"s":{"0":0,"1":0,"2":0,"3":0,"4":0,"5":0},"branchMap":{"0":{"type":"branch","line":1,"loc":{"start":{"line":1,"column":0},"end":{"line":6,"column":100}},"locations":[{"start":{"line":1,"column":0},"end":{"line":6,"column":100}}]}},"b":{"0":[0]},"fnMap":{"0":{"name":"(empty-report)","decl":{"start":{"line":1,"column":0},"end":{"line":6,"column":100}},"loc":{"start":{"line":1,"column":0},"end":{"line":6,"column":100}},"line":1}},"f":{"0":0}}
,"/Users/morgado/Desktop/turbo-biz-funds/dist/assets/credit-card-D7ex2A0r.js": {"path":"/Users/morgado/Desktop/turbo-biz-funds/dist/assets/credit-card-D7ex2A0r.js","all":true,"statementMap":{"0":{"start":{"line":1,"column":0},"end":{"line":1,"column":43}},"1":{"start":{"line":2,"column":0},"end":{"line":2,"column":39}},"2":{"start":{"line":3,"column":0},"end":{"line":3,"column":2}},"3":{"start":{"line":4,"column":0},"end":{"line":4,"column":54}},"4":{"start":{"line":5,"column":0},"end":{"line":5,"column":66}},"5":{"start":{"line":6,"column":0},"end":{"line":6,"column":165}}},"s":{"0":0,"1":0,"2":0,"3":0,"4":0,"5":0},"branchMap":{"0":{"type":"branch","line":1,"loc":{"start":{"line":1,"column":0},"end":{"line":6,"column":68}},"locations":[{"start":{"line":1,"column":0},"end":{"line":6,"column":68}}]}},"b":{"0":[0]},"fnMap":{"0":{"name":"(empty-report)","decl":{"start":{"line":1,"column":0},"end":{"line":6,"column":68}},"loc":{"start":{"line":1,"column":0},"end":{"line":6,"column":68}},"line":1}},"f":{"0":0}}
,"/Users/morgado/Desktop/turbo-biz-funds/dist/assets/dialog-WvnMC_oY.js": {"path":"/Users/morgado/Desktop/turbo-biz-funds/dist/assets/dialog-WvnMC_oY.js","all":true,"statementMap":{"0":{"start":{"line":1,"column":0},"end":{"line":1,"column":2248}}},"s":{"0":0},"branchMap":{"0":{"type":"branch","line":1,"loc":{"start":{"line":1,"column":0},"end":{"line":1,"column":1595}},"locations":[{"start":{"line":1,"column":0},"end":{"line":1,"column":1595}}]}},"b":{"0":[0]},"fnMap":{"0":{"name":"(empty-report)","decl":{"start":{"line":1,"column":0},"end":{"line":1,"column":1595}},"loc":{"start":{"line":1,"column":0},"end":{"line":1,"column":1595}},"line":1}},"f":{"0":0}}
,"/Users/morgado/Desktop/turbo-biz-funds/dist/assets/dollar-sign-D2CbJbQc.js": {"path":"/Users/morgado/Desktop/turbo-biz-funds/dist/assets/dollar-sign-D2CbJbQc.js","all":true,"statementMap":{"0":{"start":{"line":1,"column":0},"end":{"line":1,"column":43}},"1":{"start":{"line":2,"column":0},"end":{"line":2,"column":39}},"2":{"start":{"line":3,"column":0},"end":{"line":3,"column":2}},"3":{"start":{"line":4,"column":0},"end":{"line":4,"column":54}},"4":{"start":{"line":5,"column":0},"end":{"line":5,"column":66}},"5":{"start":{"line":6,"column":0},"end":{"line":6,"column":177}}},"s":{"0":0,"1":0,"2":0,"3":0,"4":0,"5":0},"branchMap":{"0":{"type":"branch","line":1,"loc":{"start":{"line":1,"column":0},"end":{"line":6,"column":80}},"locations":[{"start":{"line":1,"column":0},"end":{"line":6,"column":80}}]}},"b":{"0":[0]},"fnMap":{"0":{"name":"(empty-report)","decl":{"start":{"line":1,"column":0},"end":{"line":6,"column":80}},"loc":{"start":{"line":1,"column":0},"end":{"line":6,"column":80}},"line":1}},"f":{"0":0}}
,"/Users/morgado/Desktop/turbo-biz-funds/dist/assets/index-Bt45x17x.js": {"path":"/Users/morgado/Desktop/turbo-biz-funds/dist/assets/index-Bt45x17x.js","all":true,"statementMap":{"0":{"start":{"line":1,"column":0},"end":{"line":1,"column":949}},"1":{"start":{"line":2,"column":0},"end":{"line":2,"column":24424}},"2":{"start":{"line":3,"column":0},"end":{"line":3,"column":39}},"3":{"start":{"line":4,"column":0},"end":{"line":4,"column":2}},"4":{"start":{"line":5,"column":0},"end":{"line":5,"column":54}},"5":{"start":{"line":6,"column":0},"end":{"line":6,"column":66}},"6":{"start":{"line":7,"column":0},"end":{"line":7,"column":156}},"7":{"start":{"line":8,"column":0},"end":{"line":8,"column":39}},"8":{"start":{"line":9,"column":0},"end":{"line":9,"column":2}},"9":{"start":{"line":10,"column":0},"end":{"line":10,"column":54}},"10":{"start":{"line":11,"column":0},"end":{"line":11,"column":66}},"11":{"start":{"line":12,"column":0},"end":{"line":12,"column":182}},"12":{"start":{"line":13,"column":0},"end":{"line":13,"column":39}},"13":{"start":{"line":14,"column":0},"end":{"line":14,"column":2}},"14":{"start":{"line":15,"column":0},"end":{"line":15,"column":54}},"15":{"start":{"line":16,"column":0},"end":{"line":16,"column":66}},"16":{"start":{"line":17,"column":0},"end":{"line":17,"column":349}},"17":{"start":{"line":18,"column":0},"end":{"line":18,"column":39}},"18":{"start":{"line":19,"column":0},"end":{"line":19,"column":2}},"19":{"start":{"line":20,"column":0},"end":{"line":20,"column":54}},"20":{"start":{"line":21,"column":0},"end":{"line":21,"column":66}},"21":{"start":{"line":22,"column":0},"end":{"line":22,"column":177}},"22":{"start":{"line":23,"column":0},"end":{"line":23,"column":39}},"23":{"start":{"line":24,"column":0},"end":{"line":24,"column":2}},"24":{"start":{"line":25,"column":0},"end":{"line":25,"column":54}},"25":{"start":{"line":26,"column":0},"end":{"line":26,"column":66}},"26":{"start":{"line":27,"column":0},"end":{"line":27,"column":112}},"27":{"start":{"line":28,"column":0},"end":{"line":28,"column":39}},"28":{"start":{"line":29,"column":0},"end":{"line":29,"column":2}},"29":{"start":{"line":30,"column":0},"end":{"line":30,"column":54}},"30":{"start":{"line":31,"column":0},"end":{"line":31,"column":66}},"31":{"start":{"line":32,"column":0},"end":{"line":32,"column":131}},"32":{"start":{"line":33,"column":0},"end":{"line":33,"column":39}},"33":{"start":{"line":34,"column":0},"end":{"line":34,"column":2}},"34":{"start":{"line":35,"column":0},"end":{"line":35,"column":54}},"35":{"start":{"line":36,"column":0},"end":{"line":36,"column":66}},"36":{"start":{"line":37,"column":0},"end":{"line":37,"column":190}},"37":{"start":{"line":38,"column":0},"end":{"line":38,"column":39}},"38":{"start":{"line":39,"column":0},"end":{"line":39,"column":2}},"39":{"start":{"line":40,"column":0},"end":{"line":40,"column":54}},"40":{"start":{"line":41,"column":0},"end":{"line":41,"column":66}},"41":{"start":{"line":42,"column":0},"end":{"line":42,"column":82}},"42":{"start":{"line":43,"column":0},"end":{"line":43,"column":39}},"43":{"start":{"line":44,"column":0},"end":{"line":44,"column":2}},"44":{"start":{"line":45,"column":0},"end":{"line":45,"column":54}},"45":{"start":{"line":46,"column":0},"end":{"line":46,"column":66}},"46":{"start":{"line":47,"column":0},"end":{"line":47,"column":455}},"47":{"start":{"line":48,"column":0},"end":{"line":48,"column":39}},"48":{"start":{"line":49,"column":0},"end":{"line":49,"column":2}},"49":{"start":{"line":50,"column":0},"end":{"line":50,"column":54}},"50":{"start":{"line":51,"column":0},"end":{"line":51,"column":66}},"51":{"start":{"line":52,"column":0},"end":{"line":52,"column":420}},"52":{"start":{"line":53,"column":0},"end":{"line":53,"column":39}},"53":{"start":{"line":54,"column":0},"end":{"line":54,"column":2}},"54":{"start":{"line":55,"column":0},"end":{"line":55,"column":54}},"55":{"start":{"line":56,"column":0},"end":{"line":56,"column":66}},"56":{"start":{"line":57,"column":0},"end":{"line":57,"column":252}},"57":{"start":{"line":58,"column":0},"end":{"line":58,"column":39}},"58":{"start":{"line":59,"column":0},"end":{"line":59,"column":2}},"59":{"start":{"line":60,"column":0},"end":{"line":60,"column":54}},"60":{"start":{"line":61,"column":0},"end":{"line":61,"column":66}},"61":{"start":{"line":62,"column":0},"end":{"line":62,"column":12284}}},"s":{"0":0,"1":0,"2":0,"3":0,"4":0,"5":0,"6":0,"7":0,"8":0,"9":0,"10":0,"11":0,"12":0,"13":0,"14":0,"15":0,"16":0,"17":0,"18":0,"19":0,"20":0,"21":0,"22":0,"23":0,"24":0,"25":0,"26":0,"27":0,"28":0,"29":0,"30":0,"31":0,"32":0,"33":0,"34":0,"35":0,"36":0,"37":0,"38":0,"39":0,"40":0,"41":0,"42":0,"43":0,"44":0,"45":0,"46":0,"47":0,"48":0,"49":0,"50":0,"51":0,"52":0,"53":0,"54":0,"55":0,"56":0,"57":0,"58":0,"59":0,"60":0,"61":0},"branchMap":{"0":{"type":"branch","line":1,"loc":{"start":{"line":1,"column":0},"end":{"line":62,"column":9663}},"locations":[{"start":{"line":1,"column":0},"end":{"line":62,"column":9663}}]}},"b":{"0":[0]},"fnMap":{"0":{"name":"(empty-report)","decl":{"start":{"line":1,"column":0},"end":{"line":62,"column":9663}},"loc":{"start":{"line":1,"column":0},"end":{"line":62,"column":9663}},"line":1}},"f":{"0":0}}
,"/Users/morgado/Desktop/turbo-biz-funds/dist/assets/index-CLuoZV--.js": {"path":"/Users/morgado/Desktop/turbo-biz-funds/dist/assets/index-CLuoZV--.js","all":true,"statementMap":{"0":{"start":{"line":1,"column":0},"end":{"line":1,"column":238}}},"s":{"0":0},"branchMap":{"0":{"type":"branch","line":1,"loc":{"start":{"line":1,"column":0},"end":{"line":1,"column":130}},"locations":[{"start":{"line":1,"column":0},"end":{"line":1,"column":130}}]}},"b":{"0":[0]},"fnMap":{"0":{"name":"(empty-report)","decl":{"start":{"line":1,"column":0},"end":{"line":1,"column":130}},"loc":{"start":{"line":1,"column":0},"end":{"line":1,"column":130}},"line":1}},"f":{"0":0}}
,"/Users/morgado/Desktop/turbo-biz-funds/dist/assets/index-DSagnJmu.js": {"path":"/Users/morgado/Desktop/turbo-biz-funds/dist/assets/index-DSagnJmu.js","all":true,"statementMap":{"0":{"start":{"line":1,"column":0},"end":{"line":1,"column":102}},"1":{"start":{"line":2,"column":0},"end":{"line":2,"column":39}},"2":{"start":{"line":3,"column":0},"end":{"line":3,"column":2}},"3":{"start":{"line":4,"column":0},"end":{"line":4,"column":54}},"4":{"start":{"line":5,"column":0},"end":{"line":5,"column":66}},"5":{"start":{"line":6,"column":0},"end":{"line":6,"column":20788}},"6":{"start":{"line":7,"column":0},"end":{"line":7,"column":11577}}},"s":{"0":0,"1":0,"2":0,"3":0,"4":0,"5":0,"6":0},"branchMap":{"0":{"type":"branch","line":1,"loc":{"start":{"line":1,"column":0},"end":{"line":7,"column":9709}},"locations":[{"start":{"line":1,"column":0},"end":{"line":7,"column":9709}}]}},"b":{"0":[0]},"fnMap":{"0":{"name":"(empty-report)","decl":{"start":{"line":1,"column":0},"end":{"line":7,"column":9709}},"loc":{"start":{"line":1,"column":0},"end":{"line":7,"column":9709}},"line":1}},"f":{"0":0}}
,"/Users/morgado/Desktop/turbo-biz-funds/dist/assets/input-C5073qPm.js": {"path":"/Users/morgado/Desktop/turbo-biz-funds/dist/assets/input-C5073qPm.js","all":true,"statementMap":{"0":{"start":{"line":1,"column":0},"end":{"line":1,"column":659}}},"s":{"0":0},"branchMap":{"0":{"type":"branch","line":1,"loc":{"start":{"line":1,"column":0},"end":{"line":1,"column":402}},"locations":[{"start":{"line":1,"column":0},"end":{"line":1,"column":402}}]}},"b":{"0":[0]},"fnMap":{"0":{"name":"(empty-report)","decl":{"start":{"line":1,"column":0},"end":{"line":1,"column":402}},"loc":{"start":{"line":1,"column":0},"end":{"line":1,"column":402}},"line":1}},"f":{"0":0}}
,"/Users/morgado/Desktop/turbo-biz-funds/dist/assets/label-D39rKGGh.js": {"path":"/Users/morgado/Desktop/turbo-biz-funds/dist/assets/label-D39rKGGh.js","all":true,"statementMap":{"0":{"start":{"line":1,"column":0},"end":{"line":1,"column":645}}},"s":{"0":0},"branchMap":{"0":{"type":"branch","line":1,"loc":{"start":{"line":1,"column":0},"end":{"line":1,"column":323}},"locations":[{"start":{"line":1,"column":0},"end":{"line":1,"column":323}}]}},"b":{"0":[0]},"fnMap":{"0":{"name":"(empty-report)","decl":{"start":{"line":1,"column":0},"end":{"line":1,"column":323}},"loc":{"start":{"line":1,"column":0},"end":{"line":1,"column":323}},"line":1}},"f":{"0":0}}
,"/Users/morgado/Desktop/turbo-biz-funds/dist/assets/lock-D8Dmt4i1.js": {"path":"/Users/morgado/Desktop/turbo-biz-funds/dist/assets/lock-D8Dmt4i1.js","all":true,"statementMap":{"0":{"start":{"line":1,"column":0},"end":{"line":1,"column":43}},"1":{"start":{"line":2,"column":0},"end":{"line":2,"column":39}},"2":{"start":{"line":3,"column":0},"end":{"line":3,"column":2}},"3":{"start":{"line":4,"column":0},"end":{"line":4,"column":54}},"4":{"start":{"line":5,"column":0},"end":{"line":5,"column":66}},"5":{"start":{"line":6,"column":0},"end":{"line":6,"column":165}}},"s":{"0":0,"1":0,"2":0,"3":0,"4":0,"5":0},"branchMap":{"0":{"type":"branch","line":1,"loc":{"start":{"line":1,"column":0},"end":{"line":6,"column":68}},"locations":[{"start":{"line":1,"column":0},"end":{"line":6,"column":68}}]}},"b":{"0":[0]},"fnMap":{"0":{"name":"(empty-report)","decl":{"start":{"line":1,"column":0},"end":{"line":6,"column":68}},"loc":{"start":{"line":1,"column":0},"end":{"line":6,"column":68}},"line":1}},"f":{"0":0}}
,"/Users/morgado/Desktop/turbo-biz-funds/dist/assets/log-out-CTGBfn3k.js": {"path":"/Users/morgado/Desktop/turbo-biz-funds/dist/assets/log-out-CTGBfn3k.js","all":true,"statementMap":{"0":{"start":{"line":1,"column":0},"end":{"line":1,"column":43}},"1":{"start":{"line":2,"column":0},"end":{"line":2,"column":39}},"2":{"start":{"line":3,"column":0},"end":{"line":3,"column":2}},"3":{"start":{"line":4,"column":0},"end":{"line":4,"column":54}},"4":{"start":{"line":5,"column":0},"end":{"line":5,"column":66}},"5":{"start":{"line":6,"column":0},"end":{"line":6,"column":297}},"6":{"start":{"line":7,"column":0},"end":{"line":7,"column":39}},"7":{"start":{"line":8,"column":0},"end":{"line":8,"column":2}},"8":{"start":{"line":9,"column":0},"end":{"line":9,"column":54}},"9":{"start":{"line":10,"column":0},"end":{"line":10,"column":66}},"10":{"start":{"line":11,"column":0},"end":{"line":11,"column":224}}},"s":{"0":0,"1":0,"2":0,"3":0,"4":0,"5":0,"6":0,"7":0,"8":0,"9":0,"10":0},"branchMap":{"0":{"type":"branch","line":1,"loc":{"start":{"line":1,"column":0},"end":{"line":11,"column":110}},"locations":[{"start":{"line":1,"column":0},"end":{"line":11,"column":110}}]}},"b":{"0":[0]},"fnMap":{"0":{"name":"(empty-report)","decl":{"start":{"line":1,"column":0},"end":{"line":11,"column":110}},"loc":{"start":{"line":1,"column":0},"end":{"line":11,"column":110}},"line":1}},"f":{"0":0}}
,"/Users/morgado/Desktop/turbo-biz-funds/dist/assets/mail-D2bwSYh2.js": {"path":"/Users/morgado/Desktop/turbo-biz-funds/dist/assets/mail-D2bwSYh2.js","all":true,"statementMap":{"0":{"start":{"line":1,"column":0},"end":{"line":1,"column":43}},"1":{"start":{"line":2,"column":0},"end":{"line":2,"column":39}},"2":{"start":{"line":3,"column":0},"end":{"line":3,"column":2}},"3":{"start":{"line":4,"column":0},"end":{"line":4,"column":54}},"4":{"start":{"line":5,"column":0},"end":{"line":5,"column":66}},"5":{"start":{"line":6,"column":0},"end":{"line":6,"column":174}}},"s":{"0":0,"1":0,"2":0,"3":0,"4":0,"5":0},"branchMap":{"0":{"type":"branch","line":1,"loc":{"start":{"line":1,"column":0},"end":{"line":6,"column":77}},"locations":[{"start":{"line":1,"column":0},"end":{"line":6,"column":77}}]}},"b":{"0":[0]},"fnMap":{"0":{"name":"(empty-report)","decl":{"start":{"line":1,"column":0},"end":{"line":6,"column":77}},"loc":{"start":{"line":1,"column":0},"end":{"line":6,"column":77}},"line":1}},"f":{"0":0}}
,"/Users/morgado/Desktop/turbo-biz-funds/dist/assets/message-circle-k4qkO5IE.js": {"path":"/Users/morgado/Desktop/turbo-biz-funds/dist/assets/message-circle-k4qkO5IE.js","all":true,"statementMap":{"0":{"start":{"line":1,"column":0},"end":{"line":1,"column":43}},"1":{"start":{"line":2,"column":0},"end":{"line":2,"column":39}},"2":{"start":{"line":3,"column":0},"end":{"line":3,"column":2}},"3":{"start":{"line":4,"column":0},"end":{"line":4,"column":54}},"4":{"start":{"line":5,"column":0},"end":{"line":5,"column":66}},"5":{"start":{"line":6,"column":0},"end":{"line":6,"column":106}}},"s":{"0":0,"1":0,"2":0,"3":0,"4":0,"5":0},"branchMap":{"0":{"type":"branch","line":1,"loc":{"start":{"line":1,"column":0},"end":{"line":6,"column":12}},"locations":[{"start":{"line":1,"column":0},"end":{"line":6,"column":12}}]}},"b":{"0":[0]},"fnMap":{"0":{"name":"(empty-report)","decl":{"start":{"line":1,"column":0},"end":{"line":6,"column":12}},"loc":{"start":{"line":1,"column":0},"end":{"line":6,"column":12}},"line":1}},"f":{"0":0}}
,"/Users/morgado/Desktop/turbo-biz-funds/dist/assets/plus-xHf6akvG.js": {"path":"/Users/morgado/Desktop/turbo-biz-funds/dist/assets/plus-xHf6akvG.js","all":true,"statementMap":{"0":{"start":{"line":1,"column":0},"end":{"line":1,"column":43}},"1":{"start":{"line":2,"column":0},"end":{"line":2,"column":39}},"2":{"start":{"line":3,"column":0},"end":{"line":3,"column":2}},"3":{"start":{"line":4,"column":0},"end":{"line":4,"column":54}},"4":{"start":{"line":5,"column":0},"end":{"line":5,"column":66}},"5":{"start":{"line":6,"column":0},"end":{"line":6,"column":112}}},"s":{"0":0,"1":0,"2":0,"3":0,"4":0,"5":0},"branchMap":{"0":{"type":"branch","line":1,"loc":{"start":{"line":1,"column":0},"end":{"line":6,"column":18}},"locations":[{"start":{"line":1,"column":0},"end":{"line":6,"column":18}}]}},"b":{"0":[0]},"fnMap":{"0":{"name":"(empty-report)","decl":{"start":{"line":1,"column":0},"end":{"line":6,"column":18}},"loc":{"start":{"line":1,"column":0},"end":{"line":6,"column":18}},"line":1}},"f":{"0":0}}
,"/Users/morgado/Desktop/turbo-biz-funds/dist/assets/receipt-DIZ0VQKP.js": {"path":"/Users/morgado/Desktop/turbo-biz-funds/dist/assets/receipt-DIZ0VQKP.js","all":true,"statementMap":{"0":{"start":{"line":1,"column":0},"end":{"line":1,"column":43}},"1":{"start":{"line":2,"column":0},"end":{"line":2,"column":39}},"2":{"start":{"line":3,"column":0},"end":{"line":3,"column":2}},"3":{"start":{"line":4,"column":0},"end":{"line":4,"column":54}},"4":{"start":{"line":5,"column":0},"end":{"line":5,"column":66}},"5":{"start":{"line":6,"column":0},"end":{"line":6,"column":251}}},"s":{"0":0,"1":0,"2":0,"3":0,"4":0,"5":0},"branchMap":{"0":{"type":"branch","line":1,"loc":{"start":{"line":1,"column":0},"end":{"line":6,"column":154}},"locations":[{"start":{"line":1,"column":0},"end":{"line":6,"column":154}}]}},"b":{"0":[0]},"fnMap":{"0":{"name":"(empty-report)","decl":{"start":{"line":1,"column":0},"end":{"line":6,"column":154}},"loc":{"start":{"line":1,"column":0},"end":{"line":6,"column":154}},"line":1}},"f":{"0":0}}
,"/Users/morgado/Desktop/turbo-biz-funds/dist/assets/search-DZ6YsRPU.js": {"path":"/Users/morgado/Desktop/turbo-biz-funds/dist/assets/search-DZ6YsRPU.js","all":true,"statementMap":{"0":{"start":{"line":1,"column":0},"end":{"line":1,"column":43}},"1":{"start":{"line":2,"column":0},"end":{"line":2,"column":39}},"2":{"start":{"line":3,"column":0},"end":{"line":3,"column":2}},"3":{"start":{"line":4,"column":0},"end":{"line":4,"column":54}},"4":{"start":{"line":5,"column":0},"end":{"line":5,"column":66}},"5":{"start":{"line":6,"column":0},"end":{"line":6,"column":131}}},"s":{"0":0,"1":0,"2":0,"3":0,"4":0,"5":0},"branchMap":{"0":{"type":"branch","line":1,"loc":{"start":{"line":1,"column":0},"end":{"line":6,"column":34}},"locations":[{"start":{"line":1,"column":0},"end":{"line":6,"column":34}}]}},"b":{"0":[0]},"fnMap":{"0":{"name":"(empty-report)","decl":{"start":{"line":1,"column":0},"end":{"line":6,"column":34}},"loc":{"start":{"line":1,"column":0},"end":{"line":6,"column":34}},"line":1}},"f":{"0":0}}
,"/Users/morgado/Desktop/turbo-biz-funds/dist/assets/separator-ZhwqPx6C.js": {"path":"/Users/morgado/Desktop/turbo-biz-funds/dist/assets/separator-ZhwqPx6C.js","all":true,"statementMap":{"0":{"start":{"line":1,"column":0},"end":{"line":1,"column":188}},"1":{"start":{"line":2,"column":0},"end":{"line":2,"column":39}},"2":{"start":{"line":3,"column":0},"end":{"line":3,"column":2}},"3":{"start":{"line":4,"column":0},"end":{"line":4,"column":54}},"4":{"start":{"line":5,"column":0},"end":{"line":5,"column":66}},"5":{"start":{"line":6,"column":0},"end":{"line":6,"column":765}}},"s":{"0":0,"1":0,"2":0,"3":0,"4":0,"5":0},"branchMap":{"0":{"type":"branch","line":1,"loc":{"start":{"line":1,"column":0},"end":{"line":6,"column":384}},"locations":[{"start":{"line":1,"column":0},"end":{"line":6,"column":384}}]}},"b":{"0":[0]},"fnMap":{"0":{"name":"(empty-report)","decl":{"start":{"line":1,"column":0},"end":{"line":6,"column":384}},"loc":{"start":{"line":1,"column":0},"end":{"line":6,"column":384}},"line":1}},"f":{"0":0}}
,"/Users/morgado/Desktop/turbo-biz-funds/dist/assets/settings-CPf5K5Qm.js": {"path":"/Users/morgado/Desktop/turbo-biz-funds/dist/assets/settings-CPf5K5Qm.js","all":true,"statementMap":{"0":{"start":{"line":1,"column":0},"end":{"line":1,"column":43}},"1":{"start":{"line":2,"column":0},"end":{"line":2,"column":39}},"2":{"start":{"line":3,"column":0},"end":{"line":3,"column":2}},"3":{"start":{"line":4,"column":0},"end":{"line":4,"column":54}},"4":{"start":{"line":5,"column":0},"end":{"line":5,"column":66}},"5":{"start":{"line":6,"column":0},"end":{"line":6,"column":684}}},"s":{"0":0,"1":0,"2":0,"3":0,"4":0,"5":0},"branchMap":{"0":{"type":"branch","line":1,"loc":{"start":{"line":1,"column":0},"end":{"line":6,"column":589}},"locations":[{"start":{"line":1,"column":0},"end":{"line":6,"column":589}}]}},"b":{"0":[0]},"fnMap":{"0":{"name":"(empty-report)","decl":{"start":{"line":1,"column":0},"end":{"line":6,"column":589}},"loc":{"start":{"line":1,"column":0},"end":{"line":6,"column":589}},"line":1}},"f":{"0":0}}
,"/Users/morgado/Desktop/turbo-biz-funds/dist/assets/shield-Cxjv-ty-.js": {"path":"/Users/morgado/Desktop/turbo-biz-funds/dist/assets/shield-Cxjv-ty-.js","all":true,"statementMap":{"0":{"start":{"line":1,"column":0},"end":{"line":1,"column":43}},"1":{"start":{"line":2,"column":0},"end":{"line":2,"column":39}},"2":{"start":{"line":3,"column":0},"end":{"line":3,"column":2}},"3":{"start":{"line":4,"column":0},"end":{"line":4,"column":54}},"4":{"start":{"line":5,"column":0},"end":{"line":5,"column":66}},"5":{"start":{"line":6,"column":0},"end":{"line":6,"column":231}}},"s":{"0":0,"1":0,"2":0,"3":0,"4":0,"5":0},"branchMap":{"0":{"type":"branch","line":1,"loc":{"start":{"line":1,"column":0},"end":{"line":6,"column":134}},"locations":[{"start":{"line":1,"column":0},"end":{"line":6,"column":134}}]}},"b":{"0":[0]},"fnMap":{"0":{"name":"(empty-report)","decl":{"start":{"line":1,"column":0},"end":{"line":6,"column":134}},"loc":{"start":{"line":1,"column":0},"end":{"line":6,"column":134}},"line":1}},"f":{"0":0}}
,"/Users/morgado/Desktop/turbo-biz-funds/dist/assets/sidebar-Dj1Jjw_K.js": {"path":"/Users/morgado/Desktop/turbo-biz-funds/dist/assets/sidebar-Dj1Jjw_K.js","all":true,"statementMap":{"0":{"start":{"line":1,"column":0},"end":{"line":1,"column":406}},"1":{"start":{"line":2,"column":0},"end":{"line":2,"column":39}},"2":{"start":{"line":3,"column":0},"end":{"line":3,"column":2}},"3":{"start":{"line":4,"column":0},"end":{"line":4,"column":54}},"4":{"start":{"line":5,"column":0},"end":{"line":5,"column":66}},"5":{"start":{"line":6,"column":0},"end":{"line":6,"column":15354}}},"s":{"0":0,"1":0,"2":0,"3":0,"4":0,"5":0},"branchMap":{"0":{"type":"branch","line":1,"loc":{"start":{"line":1,"column":0},"end":{"line":6,"column":12115}},"locations":[{"start":{"line":1,"column":0},"end":{"line":6,"column":12115}}]}},"b":{"0":[0]},"fnMap":{"0":{"name":"(empty-report)","decl":{"start":{"line":1,"column":0},"end":{"line":6,"column":12115}},"loc":{"start":{"line":1,"column":0},"end":{"line":6,"column":12115}},"line":1}},"f":{"0":0}}
,"/Users/morgado/Desktop/turbo-biz-funds/dist/assets/smartphone-Hoz8fARK.js": {"path":"/Users/morgado/Desktop/turbo-biz-funds/dist/assets/smartphone-Hoz8fARK.js","all":true,"statementMap":{"0":{"start":{"line":1,"column":0},"end":{"line":1,"column":43}},"1":{"start":{"line":2,"column":0},"end":{"line":2,"column":39}},"2":{"start":{"line":3,"column":0},"end":{"line":3,"column":2}},"3":{"start":{"line":4,"column":0},"end":{"line":4,"column":54}},"4":{"start":{"line":5,"column":0},"end":{"line":5,"column":66}},"5":{"start":{"line":6,"column":0},"end":{"line":6,"column":156}}},"s":{"0":0,"1":0,"2":0,"3":0,"4":0,"5":0},"branchMap":{"0":{"type":"branch","line":1,"loc":{"start":{"line":1,"column":0},"end":{"line":6,"column":59}},"locations":[{"start":{"line":1,"column":0},"end":{"line":6,"column":59}}]}},"b":{"0":[0]},"fnMap":{"0":{"name":"(empty-report)","decl":{"start":{"line":1,"column":0},"end":{"line":6,"column":59}},"loc":{"start":{"line":1,"column":0},"end":{"line":6,"column":59}},"line":1}},"f":{"0":0}}
,"/Users/morgado/Desktop/turbo-biz-funds/dist/assets/switch-DBfxSU5B.js": {"path":"/Users/morgado/Desktop/turbo-biz-funds/dist/assets/switch-DBfxSU5B.js","all":true,"statementMap":{"0":{"start":{"line":1,"column":0},"end":{"line":1,"column":2593}}},"s":{"0":0},"branchMap":{"0":{"type":"branch","line":1,"loc":{"start":{"line":1,"column":0},"end":{"line":1,"column":1823}},"locations":[{"start":{"line":1,"column":0},"end":{"line":1,"column":1823}}]}},"b":{"0":[0]},"fnMap":{"0":{"name":"(empty-report)","decl":{"start":{"line":1,"column":0},"end":{"line":1,"column":1823}},"loc":{"start":{"line":1,"column":0},"end":{"line":1,"column":1823}},"line":1}},"f":{"0":0}}
,"/Users/morgado/Desktop/turbo-biz-funds/dist/assets/table-Cq-RhhmI.js": {"path":"/Users/morgado/Desktop/turbo-biz-funds/dist/assets/table-Cq-RhhmI.js","all":true,"statementMap":{"0":{"start":{"line":1,"column":0},"end":{"line":1,"column":7390}}},"s":{"0":0},"branchMap":{"0":{"type":"branch","line":1,"loc":{"start":{"line":1,"column":0},"end":{"line":1,"column":4949}},"locations":[{"start":{"line":1,"column":0},"end":{"line":1,"column":4949}}]}},"b":{"0":[0]},"fnMap":{"0":{"name":"(empty-report)","decl":{"start":{"line":1,"column":0},"end":{"line":1,"column":4949}},"loc":{"start":{"line":1,"column":0},"end":{"line":1,"column":4949}},"line":1}},"f":{"0":0}}
,"/Users/morgado/Desktop/turbo-biz-funds/dist/assets/target-DGDjWXXc.js": {"path":"/Users/morgado/Desktop/turbo-biz-funds/dist/assets/target-DGDjWXXc.js","all":true,"statementMap":{"0":{"start":{"line":1,"column":0},"end":{"line":1,"column":43}},"1":{"start":{"line":2,"column":0},"end":{"line":2,"column":39}},"2":{"start":{"line":3,"column":0},"end":{"line":3,"column":2}},"3":{"start":{"line":4,"column":0},"end":{"line":4,"column":54}},"4":{"start":{"line":5,"column":0},"end":{"line":5,"column":66}},"5":{"start":{"line":6,"column":0},"end":{"line":6,"column":185}}},"s":{"0":0,"1":0,"2":0,"3":0,"4":0,"5":0},"branchMap":{"0":{"type":"branch","line":1,"loc":{"start":{"line":1,"column":0},"end":{"line":6,"column":89}},"locations":[{"start":{"line":1,"column":0},"end":{"line":6,"column":89}}]}},"b":{"0":[0]},"fnMap":{"0":{"name":"(empty-report)","decl":{"start":{"line":1,"column":0},"end":{"line":6,"column":89}},"loc":{"start":{"line":1,"column":0},"end":{"line":6,"column":89}},"line":1}},"f":{"0":0}}
,"/Users/morgado/Desktop/turbo-biz-funds/dist/assets/trash-2-DV2g040x.js": {"path":"/Users/morgado/Desktop/turbo-biz-funds/dist/assets/trash-2-DV2g040x.js","all":true,"statementMap":{"0":{"start":{"line":1,"column":0},"end":{"line":1,"column":43}},"1":{"start":{"line":2,"column":0},"end":{"line":2,"column":39}},"2":{"start":{"line":3,"column":0},"end":{"line":3,"column":2}},"3":{"start":{"line":4,"column":0},"end":{"line":4,"column":54}},"4":{"start":{"line":5,"column":0},"end":{"line":5,"column":66}},"5":{"start":{"line":6,"column":0},"end":{"line":6,"column":173}},"6":{"start":{"line":7,"column":0},"end":{"line":7,"column":39}},"7":{"start":{"line":8,"column":0},"end":{"line":8,"column":2}},"8":{"start":{"line":9,"column":0},"end":{"line":9,"column":54}},"9":{"start":{"line":10,"column":0},"end":{"line":10,"column":66}},"10":{"start":{"line":11,"column":0},"end":{"line":11,"column":266}},"11":{"start":{"line":12,"column":0},"end":{"line":12,"column":39}},"12":{"start":{"line":13,"column":0},"end":{"line":13,"column":2}},"13":{"start":{"line":14,"column":0},"end":{"line":14,"column":54}},"14":{"start":{"line":15,"column":0},"end":{"line":15,"column":66}},"15":{"start":{"line":16,"column":0},"end":{"line":16,"column":330}}},"s":{"0":0,"1":0,"2":0,"3":0,"4":0,"5":0,"6":0,"7":0,"8":0,"9":0,"10":0,"11":0,"12":0,"13":0,"14":0,"15":0},"branchMap":{"0":{"type":"branch","line":1,"loc":{"start":{"line":1,"column":0},"end":{"line":16,"column":189}},"locations":[{"start":{"line":1,"column":0},"end":{"line":16,"column":189}}]}},"b":{"0":[0]},"fnMap":{"0":{"name":"(empty-report)","decl":{"start":{"line":1,"column":0},"end":{"line":16,"column":189}},"loc":{"start":{"line":1,"column":0},"end":{"line":16,"column":189}},"line":1}},"f":{"0":0}}
,"/Users/morgado/Desktop/turbo-biz-funds/dist/assets/trending-up-BfDX1Bj0.js": {"path":"/Users/morgado/Desktop/turbo-biz-funds/dist/assets/trending-up-BfDX1Bj0.js","all":true,"statementMap":{"0":{"start":{"line":1,"column":0},"end":{"line":1,"column":43}},"1":{"start":{"line":2,"column":0},"end":{"line":2,"column":39}},"2":{"start":{"line":3,"column":0},"end":{"line":3,"column":2}},"3":{"start":{"line":4,"column":0},"end":{"line":4,"column":54}},"4":{"start":{"line":5,"column":0},"end":{"line":5,"column":66}},"5":{"start":{"line":6,"column":0},"end":{"line":6,"column":163}}},"s":{"0":0,"1":0,"2":0,"3":0,"4":0,"5":0},"branchMap":{"0":{"type":"branch","line":1,"loc":{"start":{"line":1,"column":0},"end":{"line":6,"column":66}},"locations":[{"start":{"line":1,"column":0},"end":{"line":6,"column":66}}]}},"b":{"0":[0]},"fnMap":{"0":{"name":"(empty-report)","decl":{"start":{"line":1,"column":0},"end":{"line":6,"column":66}},"loc":{"start":{"line":1,"column":0},"end":{"line":6,"column":66}},"line":1}},"f":{"0":0}}
,"/Users/morgado/Desktop/turbo-biz-funds/dist/assets/use-reveal-C8HxqRab.js": {"path":"/Users/morgado/Desktop/turbo-biz-funds/dist/assets/use-reveal-C8HxqRab.js","all":true,"statementMap":{"0":{"start":{"line":1,"column":0},"end":{"line":1,"column":822}}},"s":{"0":0},"branchMap":{"0":{"type":"branch","line":1,"loc":{"start":{"line":1,"column":0},"end":{"line":1,"column":725}},"locations":[{"start":{"line":1,"column":0},"end":{"line":1,"column":725}}]}},"b":{"0":[0]},"fnMap":{"0":{"name":"(empty-report)","decl":{"start":{"line":1,"column":0},"end":{"line":1,"column":725}},"loc":{"start":{"line":1,"column":0},"end":{"line":1,"column":725}},"line":1}},"f":{"0":0}}
,"/Users/morgado/Desktop/turbo-biz-funds/dist/assets/user-CWLPSOJH.js": {"path":"/Users/morgado/Desktop/turbo-biz-funds/dist/assets/user-CWLPSOJH.js","all":true,"statementMap":{"0":{"start":{"line":1,"column":0},"end":{"line":1,"column":43}},"1":{"start":{"line":2,"column":0},"end":{"line":2,"column":39}},"2":{"start":{"line":3,"column":0},"end":{"line":3,"column":2}},"3":{"start":{"line":4,"column":0},"end":{"line":4,"column":54}},"4":{"start":{"line":5,"column":0},"end":{"line":5,"column":66}},"5":{"start":{"line":6,"column":0},"end":{"line":6,"column":155}}},"s":{"0":0,"1":0,"2":0,"3":0,"4":0,"5":0},"branchMap":{"0":{"type":"branch","line":1,"loc":{"start":{"line":1,"column":0},"end":{"line":6,"column":60}},"locations":[{"start":{"line":1,"column":0},"end":{"line":6,"column":60}}]}},"b":{"0":[0]},"fnMap":{"0":{"name":"(empty-report)","decl":{"start":{"line":1,"column":0},"end":{"line":6,"column":60}},"loc":{"start":{"line":1,"column":0},"end":{"line":6,"column":60}},"line":1}},"f":{"0":0}}
,"/Users/morgado/Desktop/turbo-biz-funds/dist/assets/user-plus-BgcIKJDz.js": {"path":"/Users/morgado/Desktop/turbo-biz-funds/dist/assets/user-plus-BgcIKJDz.js","all":true,"statementMap":{"0":{"start":{"line":1,"column":0},"end":{"line":1,"column":43}},"1":{"start":{"line":2,"column":0},"end":{"line":2,"column":39}},"2":{"start":{"line":3,"column":0},"end":{"line":3,"column":2}},"3":{"start":{"line":4,"column":0},"end":{"line":4,"column":54}},"4":{"start":{"line":5,"column":0},"end":{"line":5,"column":66}},"5":{"start":{"line":6,"column":0},"end":{"line":6,"column":268}}},"s":{"0":0,"1":0,"2":0,"3":0,"4":0,"5":0},"branchMap":{"0":{"type":"branch","line":1,"loc":{"start":{"line":1,"column":0},"end":{"line":6,"column":171}},"locations":[{"start":{"line":1,"column":0},"end":{"line":6,"column":171}}]}},"b":{"0":[0]},"fnMap":{"0":{"name":"(empty-report)","decl":{"start":{"line":1,"column":0},"end":{"line":6,"column":171}},"loc":{"start":{"line":1,"column":0},"end":{"line":6,"column":171}},"line":1}},"f":{"0":0}}
,"/Users/morgado/Desktop/turbo-biz-funds/dist/assets/vendor-charts-B-Mo3-gE.js": {"path":"/Users/morgado/Desktop/turbo-biz-funds/dist/assets/vendor-charts-B-Mo3-gE.js","all":true,"statementMap":{"0":{"start":{"line":1,"column":0},"end":{"line":1,"column":7219}},"1":{"start":{"line":2,"column":0},"end":{"line":2,"column":17}},"2":{"start":{"line":3,"column":0},"end":{"line":3,"column":29}},"3":{"start":{"line":4,"column":0},"end":{"line":4,"column":2}},"4":{"start":{"line":5,"column":0},"end":{"line":5,"column":51}},"5":{"start":{"line":6,"column":0},"end":{"line":6,"column":2}},"6":{"start":{"line":7,"column":0},"end":{"line":7,"column":66}},"7":{"start":{"line":8,"column":0},"end":{"line":8,"column":58}},"8":{"start":{"line":9,"column":0},"end":{"line":9,"column":40610}},"9":{"start":{"line":10,"column":0},"end":{"line":10,"column":76}},"10":{"start":{"line":11,"column":0},"end":{"line":11,"column":57}},"11":{"start":{"line":12,"column":0},"end":{"line":12,"column":22904}},"12":{"start":{"line":13,"column":0},"end":{"line":13,"column":18624}},"13":{"start":{"line":14,"column":0},"end":{"line":14,"column":2267}},"14":{"start":{"line":15,"column":0},"end":{"line":15,"column":269}},"15":{"start":{"line":16,"column":0},"end":{"line":16,"column":82}},"16":{"start":{"line":17,"column":0},"end":{"line":17,"column":78}},"17":{"start":{"line":18,"column":0},"end":{"line":18,"column":3288}},"18":{"start":{"line":19,"column":0},"end":{"line":19,"column":4733}},"19":{"start":{"line":20,"column":0},"end":{"line":20,"column":64810}},"20":{"start":{"line":21,"column":0},"end":{"line":21,"column":2637}},"21":{"start":{"line":22,"column":0},"end":{"line":22,"column":362}},"22":{"start":{"line":23,"column":0},"end":{"line":23,"column":3732}},"23":{"start":{"line":24,"column":0},"end":{"line":24,"column":6952}},"24":{"start":{"line":25,"column":0},"end":{"line":25,"column":14998}},"25":{"start":{"line":26,"column":0},"end":{"line":26,"column":3299}},"26":{"start":{"line":27,"column":0},"end":{"line":27,"column":2846}},"27":{"start":{"line":28,"column":0},"end":{"line":28,"column":55}},"28":{"start":{"line":29,"column":0},"end":{"line":29,"column":5033}},"29":{"start":{"line":30,"column":0},"end":{"line":30,"column":5534}},"30":{"start":{"line":31,"column":0},"end":{"line":31,"column":36}},"31":{"start":{"line":32,"column":0},"end":{"line":32,"column":54}},"32":{"start":{"line":33,"column":0},"end":{"line":33,"column":35}},"33":{"start":{"line":34,"column":0},"end":{"line":34,"column":81}},"34":{"start":{"line":35,"column":0},"end":{"line":35,"column":44}},"35":{"start":{"line":36,"column":0},"end":{"line":36,"column":63}},"36":{"start":{"line":37,"column":0},"end":{"line":37,"column":593}},"37":{"start":{"line":38,"column":0},"end":{"line":38,"column":60}},"38":{"start":{"line":39,"column":0},"end":{"line":39,"column":61}},"39":{"start":{"line":40,"column":0},"end":{"line":40,"column":116}},"40":{"start":{"line":41,"column":0},"end":{"line":41,"column":87}},"41":{"start":{"line":42,"column":0},"end":{"line":42,"column":106}},"42":{"start":{"line":43,"column":0},"end":{"line":43,"column":87}},"43":{"start":{"line":44,"column":0},"end":{"line":44,"column":426}},"44":{"start":{"line":45,"column":0},"end":{"line":45,"column":89}},"45":{"start":{"line":46,"column":0},"end":{"line":46,"column":108}},"46":{"start":{"line":47,"column":0},"end":{"line":47,"column":10495}},"47":{"start":{"line":48,"column":0},"end":{"line":48,"column":2970}},"48":{"start":{"line":49,"column":0},"end":{"line":49,"column":613}},"49":{"start":{"line":50,"column":0},"end":{"line":50,"column":2820}},"50":{"start":{"line":51,"column":0},"end":{"line":51,"column":1419}},"51":{"start":{"line":52,"column":0},"end":{"line":52,"column":3070}},"52":{"start":{"line":53,"column":0},"end":{"line":53,"column":8409}},"53":{"start":{"line":54,"column":0},"end":{"line":54,"column":2361}},"54":{"start":{"line":55,"column":0},"end":{"line":55,"column":154}},"55":{"start":{"line":56,"column":0},"end":{"line":56,"column":154}},"56":{"start":{"line":57,"column":0},"end":{"line":57,"column":133}},"57":{"start":{"line":58,"column":0},"end":{"line":58,"column":91}},"58":{"start":{"line":59,"column":0},"end":{"line":59,"column":47}},"59":{"start":{"line":60,"column":0},"end":{"line":60,"column":93}},"60":{"start":{"line":61,"column":0},"end":{"line":61,"column":49}},"61":{"start":{"line":62,"column":0},"end":{"line":62,"column":95}},"62":{"start":{"line":63,"column":0},"end":{"line":63,"column":47}},"63":{"start":{"line":64,"column":0},"end":{"line":64,"column":2393}},"64":{"start":{"line":65,"column":0},"end":{"line":65,"column":17590}},"65":{"start":{"line":66,"column":0},"end":{"line":66,"column":17388}},"66":{"start":{"line":67,"column":0},"end":{"line":67,"column":124}},"67":{"start":{"line":68,"column":0},"end":{"line":68,"column":37154}},"68":{"start":{"line":69,"column":0},"end":{"line":69,"column":31329}},"69":{"start":{"line":70,"column":0},"end":{"line":70,"column":15482}},"70":{"start":{"line":71,"column":0},"end":{"line":71,"column":10427}},"71":{"start":{"line":72,"column":0},"end":{"line":72,"column":2473}},"72":{"start":{"line":73,"column":0},"end":{"line":73,"column":30872}}},"s":{"0":0,"1":0,"2":0,"3":0,"4":0,"5":0,"6":0,"7":0,"8":0,"9":0,"10":0,"11":0,"12":0,"13":0,"14":0,"15":0,"16":0,"17":0,"18":0,"19":0,"20":0,"21":0,"22":0,"23":0,"24":0,"25":0,"26":0,"27":0,"28":0,"29":0,"30":0,"31":0,"32":0,"33":0,"34":0,"35":0,"36":0,"37":0,"38":0,"39":0,"40":0,"41":0,"42":0,"43":0,"44":0,"45":0,"46":0,"47":0,"48":0,"49":0,"50":0,"51":0,"52":0,"53":0,"54":0,"55":0,"56":0,"57":0,"58":0,"59":0,"60":0,"61":0,"62":0,"63":0,"64":0,"65":0,"66":0,"67":0,"68":0,"69":0,"70":0,"71":0,"72":0},"branchMap":{"0":{"type":"branch","line":1,"loc":{"start":{"line":1,"column":0},"end":{"line":73,"column":23668}},"locations":[{"start":{"line":1,"column":0},"end":{"line":73,"column":23668}}]}},"b":{"0":[0]},"fnMap":{"0":{"name":"(empty-report)","decl":{"start":{"line":1,"column":0},"end":{"line":73,"column":23668}},"loc":{"start":{"line":1,"column":0},"end":{"line":73,"column":23668}},"line":1}},"f":{"0":0}}
,"/Users/morgado/Desktop/turbo-biz-funds/dist/assets/vendor-query-bkh6Kzb0.js": {"path":"/Users/morgado/Desktop/turbo-biz-funds/dist/assets/vendor-query-bkh6Kzb0.js","all":true,"statementMap":{"0":{"start":{"line":1,"column":0},"end":{"line":1,"column":529}},"1":{"start":{"line":2,"column":0},"end":{"line":2,"column":17}},"2":{"start":{"line":3,"column":0},"end":{"line":3,"column":38}},"3":{"start":{"line":4,"column":0},"end":{"line":4,"column":2}},"4":{"start":{"line":5,"column":0},"end":{"line":5,"column":51}},"5":{"start":{"line":6,"column":0},"end":{"line":6,"column":2}},"6":{"start":{"line":7,"column":0},"end":{"line":7,"column":66}},"7":{"start":{"line":8,"column":0},"end":{"line":8,"column":58}},"8":{"start":{"line":9,"column":0},"end":{"line":9,"column":25255}}},"s":{"0":0,"1":0,"2":0,"3":0,"4":0,"5":0,"6":0,"7":0,"8":0},"branchMap":{"0":{"type":"branch","line":1,"loc":{"start":{"line":1,"column":0},"end":{"line":9,"column":25131}},"locations":[{"start":{"line":1,"column":0},"end":{"line":9,"column":25131}}]}},"b":{"0":[0]},"fnMap":{"0":{"name":"(empty-report)","decl":{"start":{"line":1,"column":0},"end":{"line":9,"column":25131}},"loc":{"start":{"line":1,"column":0},"end":{"line":9,"column":25131}},"line":1}},"f":{"0":0}}
,"/Users/morgado/Desktop/turbo-biz-funds/dist/assets/vendor-react-BgLp_VvL.js": {"path":"/Users/morgado/Desktop/turbo-biz-funds/dist/assets/vendor-react-BgLp_VvL.js","all":true,"statementMap":{"0":{"start":{"line":1,"column":0},"end":{"line":1,"column":586}},"1":{"start":{"line":2,"column":0},"end":{"line":2,"column":17}},"2":{"start":{"line":3,"column":0},"end":{"line":3,"column":26}},"3":{"start":{"line":4,"column":0},"end":{"line":4,"column":2}},"4":{"start":{"line":5,"column":0},"end":{"line":5,"column":51}},"5":{"start":{"line":6,"column":0},"end":{"line":6,"column":2}},"6":{"start":{"line":7,"column":0},"end":{"line":7,"column":66}},"7":{"start":{"line":8,"column":0},"end":{"line":8,"column":58}},"8":{"start":{"line":9,"column":0},"end":{"line":9,"column":6681}},"9":{"start":{"line":10,"column":0},"end":{"line":10,"column":17}},"10":{"start":{"line":11,"column":0},"end":{"line":11,"column":30}},"11":{"start":{"line":12,"column":0},"end":{"line":12,"column":2}},"12":{"start":{"line":13,"column":0},"end":{"line":13,"column":51}},"13":{"start":{"line":14,"column":0},"end":{"line":14,"column":2}},"14":{"start":{"line":15,"column":0},"end":{"line":15,"column":66}},"15":{"start":{"line":16,"column":0},"end":{"line":16,"column":58}},"16":{"start":{"line":17,"column":0},"end":{"line":17,"column":3891}},"17":{"start":{"line":18,"column":0},"end":{"line":18,"column":17}},"18":{"start":{"line":19,"column":0},"end":{"line":19,"column":30}},"19":{"start":{"line":20,"column":0},"end":{"line":20,"column":2}},"20":{"start":{"line":21,"column":0},"end":{"line":21,"column":51}},"21":{"start":{"line":22,"column":0},"end":{"line":22,"column":2}},"22":{"start":{"line":23,"column":0},"end":{"line":23,"column":66}},"23":{"start":{"line":24,"column":0},"end":{"line":24,"column":58}},"24":{"start":{"line":25,"column":0},"end":{"line":25,"column":6090}},"25":{"start":{"line":26,"column":0},"end":{"line":26,"column":512}},"26":{"start":{"line":27,"column":0},"end":{"line":27,"column":20}},"27":{"start":{"line":28,"column":0},"end":{"line":28,"column":153}},"28":{"start":{"line":29,"column":0},"end":{"line":29,"column":37509}},"29":{"start":{"line":30,"column":0},"end":{"line":30,"column":27830}},"30":{"start":{"line":31,"column":0},"end":{"line":31,"column":37}},"31":{"start":{"line":32,"column":0},"end":{"line":32,"column":57385}}},"s":{"0":0,"1":0,"2":0,"3":0,"4":0,"5":0,"6":0,"7":0,"8":0,"9":0,"10":0,"11":0,"12":0,"13":0,"14":0,"15":0,"16":0,"17":0,"18":0,"19":0,"20":0,"21":0,"22":0,"23":0,"24":0,"25":0,"26":0,"27":0,"28":0,"29":0,"30":0,"31":0},"branchMap":{"0":{"type":"branch","line":1,"loc":{"start":{"line":1,"column":141399},"end":{"line":32,"column":57385}},"locations":[{"start":{"line":1,"column":141399},"end":{"line":32,"column":57385}}]}},"b":{"0":[0]},"fnMap":{"0":{"name":"(empty-report)","decl":{"start":{"line":1,"column":141399},"end":{"line":32,"column":57385}},"loc":{"start":{"line":1,"column":141399},"end":{"line":32,"column":57385}},"line":1}},"f":{"0":0}}
,"/Users/morgado/Desktop/turbo-biz-funds/dist/assets/vendor-router-Dst8tn5r.js": {"path":"/Users/morgado/Desktop/turbo-biz-funds/dist/assets/vendor-router-Dst8tn5r.js","all":true,"statementMap":{"0":{"start":{"line":1,"column":0},"end":{"line":1,"column":58}},"1":{"start":{"line":2,"column":0},"end":{"line":2,"column":28}},"2":{"start":{"line":3,"column":0},"end":{"line":3,"column":2}},"3":{"start":{"line":4,"column":0},"end":{"line":4,"column":36}},"4":{"start":{"line":5,"column":0},"end":{"line":5,"column":2}},"5":{"start":{"line":6,"column":0},"end":{"line":6,"column":66}},"6":{"start":{"line":7,"column":0},"end":{"line":7,"column":61}},"7":{"start":{"line":8,"column":0},"end":{"line":8,"column":2}},"8":{"start":{"line":9,"column":0},"end":{"line":9,"column":15}},"9":{"start":{"line":10,"column":0},"end":{"line":10,"column":8835}},"10":{"start":{"line":11,"column":0},"end":{"line":11,"column":23}},"11":{"start":{"line":12,"column":0},"end":{"line":12,"column":2}},"12":{"start":{"line":13,"column":0},"end":{"line":13,"column":36}},"13":{"start":{"line":14,"column":0},"end":{"line":14,"column":2}},"14":{"start":{"line":15,"column":0},"end":{"line":15,"column":66}},"15":{"start":{"line":16,"column":0},"end":{"line":16,"column":61}},"16":{"start":{"line":17,"column":0},"end":{"line":17,"column":2}},"17":{"start":{"line":18,"column":0},"end":{"line":18,"column":15}},"18":{"start":{"line":19,"column":0},"end":{"line":19,"column":8596}},"19":{"start":{"line":20,"column":0},"end":{"line":20,"column":27}},"20":{"start":{"line":21,"column":0},"end":{"line":21,"column":2}},"21":{"start":{"line":22,"column":0},"end":{"line":22,"column":36}},"22":{"start":{"line":23,"column":0},"end":{"line":23,"column":2}},"23":{"start":{"line":24,"column":0},"end":{"line":24,"column":66}},"24":{"start":{"line":25,"column":0},"end":{"line":25,"column":61}},"25":{"start":{"line":26,"column":0},"end":{"line":26,"column":2}},"26":{"start":{"line":27,"column":0},"end":{"line":27,"column":15}},"27":{"start":{"line":28,"column":0},"end":{"line":28,"column":4290}}},"s":{"0":0,"1":0,"2":0,"3":0,"4":0,"5":0,"6":0,"7":0,"8":0,"9":0,"10":0,"11":0,"12":0,"13":0,"14":0,"15":0,"16":0,"17":0,"18":0,"19":0,"20":0,"21":0,"22":0,"23":0,"24":0,"25":0,"26":0,"27":0},"branchMap":{"0":{"type":"branch","line":1,"loc":{"start":{"line":1,"column":0},"end":{"line":28,"column":2684}},"locations":[{"start":{"line":1,"column":0},"end":{"line":28,"column":2684}}]}},"b":{"0":[0]},"fnMap":{"0":{"name":"(empty-report)","decl":{"start":{"line":1,"column":0},"end":{"line":28,"column":2684}},"loc":{"start":{"line":1,"column":0},"end":{"line":28,"column":2684
[...]
61,"column":79}},"361":{"start":{"line":362,"column":0},"end":{"line":362,"column":80}},"362":{"start":{"line":363,"column":0},"end":{"line":363,"column":104}},"376":{"start":{"line":377,"column":0},"end":{"line":377,"column":75}},"377":{"start":{"line":378,"column":0},"end":{"line":378,"column":46}},"378":{"start":{"line":379,"column":0},"end":{"line":379,"column":26}},"379":{"start":{"line":380,"column":0},"end":{"line":380,"column":75}},"380":{"start":{"line":381,"column":0},"end":{"line":381,"column":33}},"384":{"start":{"line":385,"column":0},"end":{"line":385,"column":30}},"385":{"start":{"line":386,"column":0},"end":{"line":386,"column":47}},"386":{"start":{"line":387,"column":0},"end":{"line":387,"column":44}},"387":{"start":{"line":388,"column":0},"end":{"line":388,"column":66}},"388":{"start":{"line":389,"column":0},"end":{"line":389,"column":75}},"390":{"start":{"line":391,"column":0},"end":{"line":391,"column":44}},"391":{"start":{"line":392,"column":0},"end":{"line":392,"column":69}},"392":{"start":{"line":393,"column":0},"end":{"line":393,"column":92}},"394":{"start":{"line":395,"column":0},"end":{"line":395,"column":56}},"395":{"start":{"line":396,"column":0},"end":{"line":396,"column":46}},"396":{"start":{"line":397,"column":0},"end":{"line":397,"column":66}},"397":{"start":{"line":398,"column":0},"end":{"line":398,"column":93}},"399":{"start":{"line":400,"column":0},"end":{"line":400,"column":46}},"400":{"start":{"line":401,"column":0},"end":{"line":401,"column":64}},"401":{"start":{"line":402,"column":0},"end":{"line":402,"column":88}},"406":{"start":{"line":407,"column":0},"end":{"line":407,"column":26}},"407":{"start":{"line":408,"column":0},"end":{"line":408,"column":100}},"408":{"start":{"line":409,"column":0},"end":{"line":409,"column":91}},"415":{"start":{"line":416,"column":0},"end":{"line":416,"column":1}}},"s":{"0":0,"48":0,"49":0,"50":0,"51":0,"52":0,"53":0,"54":0,"55":0,"56":0,"57":0,"58":0,"59":0,"60":0,"61":0,"62":0,"63":0,"64":0,"65":0,"67":0,"68":0,"69":0,"70":0,"71":0,"72":0,"73":0,"74":0,"75":0,"76":0,"77":0,"78":0,"79":0,"80":0,"81":0,"82":0,"83":0,"84":0,"85":0,"87":0,"88":0,"89":0,"90":0,"91":0,"92":0,"93":0,"94":0,"95":0,"96":0,"97":0,"98":0,"99":0,"100":0,"101":0,"102":0,"103":0,"104":0,"106":0,"107":0,"109":0,"110":0,"111":0,"112":0,"113":0,"114":0,"115":0,"116":0,"118":0,"119":0,"120":0,"121":0,"122":0,"123":0,"125":0,"126":0,"127":0,"129":0,"130":0,"132":0,"133":0,"134":0,"135":0,"137":0,"138":0,"139":0,"140":0,"141":0,"144":0,"146":0,"147":0,"148":0,"149":0,"150":0,"151":0,"153":0,"154":0,"155":0,"160":0,"161":0,"162":0,"163":0,"164":0,"166":0,"167":0,"168":0,"173":0,"174":0,"175":0,"176":0,"177":0,"179":0,"180":0,"181":0,"188":0,"189":0,"190":0,"191":0,"194":0,"196":0,"197":0,"198":0,"199":0,"200":0,"204":0,"205":0,"206":0,"207":0,"209":0,"210":0,"211":0,"212":0,"215":0,"216":0,"217":0,"220":0,"221":0,"227":0,"228":0,"230":0,"231":0,"232":0,"233":0,"235":0,"236":0,"240":0,"241":0,"242":0,"243":0,"245":0,"246":0,"247":0,"251":0,"252":0,"253":0,"254":0,"255":0,"257":0,"259":0,"260":0,"270":0,"271":0,"272":0,"273":0,"274":0,"278":0,"279":0,"280":0,"281":0,"285":0,"286":0,"287":0,"288":0,"290":0,"291":0,"292":0,"294":0,"295":0,"296":0,"297":0,"299":0,"300":0,"301":0,"304":0,"305":0,"306":0,"309":0,"310":0,"311":0,"318":0,"319":0,"320":0,"321":0,"322":0,"324":0,"325":0,"326":0,"327":0,"328":0,"329":0,"330":0,"331":0,"332":0,"333":0,"334":0,"337":0,"338":0,"339":0,"340":0,"341":0,"342":0,"344":0,"345":0,"347":0,"348":0,"349":0,"350":0,"352":0,"353":0,"354":0,"355":0,"356":0,"359":0,"360":0,"361":0,"362":0,"376":0,"377":0,"378":0,"379":0,"380":0,"384":0,"385":0,"386":0,"387":0,"388":0,"390":0,"391":0,"392":0,"394":0,"395":0,"396":0,"397":0,"399":0,"400":0,"401":0,"406":0,"407":0,"408":0,"415":0},"branchMap":{"0":{"type":"branch","line":1,"loc":{"start":{"line":1,"column":17170},"end":{"line":416,"column":1}},"locations":[{"start":{"line":1,"column":17170},"end":{"line":416,"column":1}}]}},"b":{"0":[0]},"fnMap":{"0":{"name":"(empty-report)","decl":{"start":{"line":1,"column":17170},"end":{"line":416,"column":1}},"loc":{"start":{"line":1,"column":17170},"end":{"line":416,"column":1}},"line":1}},"f":{"0":0}}
,"/Users/morgado/Desktop/turbo-biz-funds/src/pages/admin/AdminUsers.tsx": {"path":"/Users/morgado/Desktop/turbo-biz-funds/src/pages/admin/AdminUsers.tsx","all":true,"statementMap":{"0":{"start":{"line":1,"column":0},"end":{"line":1,"column":33}},"56":{"start":{"line":57,"column":0},"end":{"line":57,"column":19}},"57":{"start":{"line":58,"column":0},"end":{"line":58,"column":157}},"58":{"start":{"line":59,"column":0},"end":{"line":59,"column":167}},"59":{"start":{"line":60,"column":0},"end":{"line":60,"column":164}},"60":{"start":{"line":61,"column":0},"end":{"line":61,"column":162}},"61":{"start":{"line":62,"column":0},"end":{"line":62,"column":171}},"62":{"start":{"line":63,"column":0},"end":{"line":63,"column":164}},"63":{"start":{"line":64,"column":0},"end":{"line":64,"column":165}},"64":{"start":{"line":65,"column":0},"end":{"line":65,"column":159}},"65":{"start":{"line":66,"column":0},"end":{"line":66,"column":2}},"67":{"start":{"line":68,"column":0},"end":{"line":68,"column":70}},"68":{"start":{"line":69,"column":0},"end":{"line":69,"column":67}},"69":{"start":{"line":70,"column":0},"end":{"line":70,"column":61}},"70":{"start":{"line":71,"column":0},"end":{"line":71,"column":69}},"71":{"start":{"line":72,"column":0},"end":{"line":72,"column":2}},"73":{"start":{"line":74,"column":0},"end":{"line":74,"column":57}},"74":{"start":{"line":75,"column":0},"end":{"line":75,"column":49}},"75":{"start":{"line":76,"column":0},"end":{"line":76,"column":52}},"76":{"start":{"line":77,"column":0},"end":{"line":77,"column":61}},"77":{"start":{"line":78,"column":0},"end":{"line":78,"column":2}},"79":{"start":{"line":80,"column":0},"end":{"line":80,"column":38}},"80":{"start":{"line":81,"column":0},"end":{"line":81,"column":51}},"81":{"start":{"line":82,"column":0},"end":{"line":82,"column":66}},"82":{"start":{"line":83,"column":0},"end":{"line":83,"column":70}},"83":{"start":{"line":84,"column":0},"end":{"line":84,"column":67}},"85":{"start":{"line":86,"column":0},"end":{"line":86,"column":50}},"86":{"start":{"line":87,"column":0},"end":{"line":87,"column":87}},"87":{"start":{"line":88,"column":0},"end":{"line":88,"column":86}},"88":{"start":{"line":89,"column":0},"end":{"line":89,"column":77}},"89":{"start":{"line":90,"column":0},"end":{"line":90,"column":85}},"90":{"start":{"line":91,"column":0},"end":{"line":91,"column":57}},"91":{"start":{"line":92,"column":0},"end":{"line":92,"column":5}},"93":{"start":{"line":94,"column":0},"end":{"line":94,"column":51}},"94":{"start":{"line":95,"column":0},"end":{"line":95,"column":29}},"95":{"start":{"line":96,"column":0},"end":{"line":96,"column":28}},"96":{"start":{"line":97,"column":0},"end":{"line":97,"column":42}},"97":{"start":{"line":98,"column":0},"end":{"line":98,"column":27}},"99":{"start":{"line":100,"column":0},"end":{"line":100,"column":4}},"101":{"start":{"line":102,"column":0},"end":{"line":102,"column":32}},"102":{"start":{"line":103,"column":0},"end":{"line":103,"column":56}},"103":{"start":{"line":104,"column":0},"end":{"line":104,"column":27}},"104":{"start":{"line":105,"column":0},"end":{"line":105,"column":12}},"105":{"start":{"line":106,"column":0},"end":{"line":106,"column":53}},"106":{"start":{"line":107,"column":0},"end":{"line":107,"column":5}},"107":{"start":{"line":108,"column":0},"end":{"line":108,"column":4}},"109":{"start":{"line":110,"column":0},"end":{"line":110,"column":10}},"110":{"start":{"line":111,"column":0},"end":{"line":111,"column":42}},"111":{"start":{"line":112,"column":0},"end":{"line":112,"column":19}},"112":{"start":{"line":113,"column":0},"end":{"line":113,"column":35}},"113":{"start":{"line":114,"column":0},"end":{"line":114,"column":59}},"116":{"start":{"line":117,"column":0},"end":{"line":117,"column":58}},"118":{"start":{"line":119,"column":0},"end":{"line":119,"column":63}},"119":{"start":{"line":120,"column":0},"end":{"line":120,"column":16}},"120":{"start":{"line":121,"column":0},"end":{"line":121,"column":41}},"121":{"start":{"line":122,"column":0},"end":{"line":122,"column":61}},"122":{"start":{"line":123,"column":0},"end":{"line":123,"column":80}},"125":{"start":{"line":126,"column":0},"end":{"line":126,"column":16}},"126":{"start":{"line":127,"column":0},"end":{"line":127,"column":41}},"127":{"start":{"line":128,"column":0},"end":{"line":128,"column":74}},"128":{"start":{"line":129,"column":0},"end":{"line":129,"column":78}},"131":{"start":{"line":132,"column":0},"end":{"line":132,"column":16}},"132":{"start":{"line":133,"column":0},"end":{"line":133,"column":41}},"133":{"start":{"line":134,"column":0},"end":{"line":134,"column":72}},"134":{"start":{"line":135,"column":0},"end":{"line":135,"column":72}},"137":{"start":{"line":138,"column":0},"end":{"line":138,"column":16}},"138":{"start":{"line":139,"column":0},"end":{"line":139,"column":41}},"139":{"start":{"line":140,"column":0},"end":{"line":140,"column":75}},"140":{"start":{"line":141,"column":0},"end":{"line":141,"column":73}},"146":{"start":{"line":147,"column":0},"end":{"line":147,"column":14}},"147":{"start":{"line":148,"column":0},"end":{"line":148,"column":39}},"148":{"start":{"line":149,"column":0},"end":{"line":149,"column":93}},"149":{"start":{"line":150,"column":0},"end":{"line":150,"column":62}},"150":{"start":{"line":151,"column":0},"end":{"line":151,"column":58}},"151":{"start":{"line":152,"column":0},"end":{"line":152,"column":111}},"152":{"start":{"line":153,"column":0},"end":{"line":153,"column":24}},"153":{"start":{"line":154,"column":0},"end":{"line":154,"column":61}},"154":{"start":{"line":155,"column":0},"end":{"line":155,"column":38}},"155":{"start":{"line":156,"column":0},"end":{"line":156,"column":67}},"156":{"start":{"line":157,"column":0},"end":{"line":157,"column":36}},"159":{"start":{"line":160,"column":0},"end":{"line":160,"column":77}},"160":{"start":{"line":161,"column":0},"end":{"line":161,"column":55}},"161":{"start":{"line":162,"column":0},"end":{"line":162,"column":55}},"163":{"start":{"line":164,"column":0},"end":{"line":164,"column":33}},"164":{"start":{"line":165,"column":0},"end":{"line":165,"column":72}},"165":{"start":{"line":166,"column":0},"end":{"line":166,"column":62}},"166":{"start":{"line":167,"column":0},"end":{"line":167,"column":60}},"167":{"start":{"line":168,"column":0},"end":{"line":168,"column":70}},"170":{"start":{"line":171,"column":0},"end":{"line":171,"column":81}},"171":{"start":{"line":172,"column":0},"end":{"line":172,"column":55}},"172":{"start":{"line":173,"column":0},"end":{"line":173,"column":56}},"174":{"start":{"line":175,"column":0},"end":{"line":175,"column":33}},"175":{"start":{"line":176,"column":0},"end":{"line":176,"column":72}},"176":{"start":{"line":177,"column":0},"end":{"line":177,"column":64}},"177":{"start":{"line":178,"column":0},"end":{"line":178,"column":70}},"178":{"start":{"line":179,"column":0},"end":{"line":179,"column":72}},"182":{"start":{"line":183,"column":0},"end":{"line":183,"column":55}},"183":{"start":{"line":184,"column":0},"end":{"line":184,"column":52}},"184":{"start":{"line":185,"column":0},"end":{"line":185,"column":55}},"187":{"start":{"line":188,"column":0},"end":{"line":188,"column":24}},"188":{"start":{"line":189,"column":0},"end":{"line":189,"column":41}},"189":{"start":{"line":190,"column":0},"end":{"line":190,"column":38}},"190":{"start":{"line":191,"column":0},"end":{"line":191,"column":59}},"194":{"start":{"line":195,"column":0},"end":{"line":195,"column":33}},"195":{"start":{"line":196,"column":0},"end":{"line":196,"column":34}},"196":{"start":{"line":197,"column":0},"end":{"line":197,"column":71}},"197":{"start":{"line":198,"column":0},"end":{"line":198,"column":41}},"201":{"start":{"line":202,"column":0},"end":{"line":202,"column":53}},"202":{"start":{"line":203,"column":0},"end":{"line":203,"column":50}},"203":{"start":{"line":204,"column":0},"end":{"line":204,"column":67}},"204":{"start":{"line":205,"column":0},"end":{"line":205,"column":73}},"206":{"start":{"line":207,"column":0},"end":{"line":207,"column":50}},"207":{"start":{"line":208,"column":0},"end":{"line":208,"column":60}},"208":{"start":{"line":209,"column":0},"end":{"line":209,"column":89}},"210":{"start":{"line":211,"column":0},"end":{"line":211,"column":50}},"211":{"start":{"line":212,"column":0},"end":{"line":212,"column":59}},"212":{"start":{"line":213,"column":0},"end":{"line":213,"column":32}},"213":{"start":{"line":214,"column":0},"end":{"line":214,"column":41}},"214":{"start":{"line":215,"column":0},"end":{"line":215,"column":75}},"216":{"start":{"line":217,"column":0},"end":{"line":217,"column":41}},"217":{"start":{"line":218,"column":0},"end":{"line":218,"column":72}},"218":{"start":{"line":219,"column":0},"end":{"line":219,"column":79}},"219":{"start":{"line":220,"column":0},"end":{"line":220,"column":81}},"224":{"start":{"line":225,"column":0},"end":{"line":225,"column":34}},"225":{"start":{"line":226,"column":0},"end":{"line":226,"column":65}},"226":{"start":{"line":227,"column":0},"end":{"line":227,"column":52}},"233":{"start":{"line":234,"column":0},"end":{"line":234,"column":23}},"234":{"start":{"line":235,"column":0},"end":{"line":235,"column":19}},"235":{"start":{"line":236,"column":0},"end":{"line":236,"column":27}},"236":{"start":{"line":237,"column":0},"end":{"line":237,"column":26}},"237":{"start":{"line":238,"column":0},"end":{"line":238,"column":46}},"238":{"start":{"line":239,"column":0},"end":{"line":239,"column":30}},"239":{"start":{"line":240,"column":0},"end":{"line":240,"column":105}},"240":{"start":{"line":241,"column":0},"end":{"line":241,"column":54}},"243":{"start":{"line":244,"column":0},"end":{"line":244,"column":48}},"244":{"start":{"line":245,"column":0},"end":{"line":245,"column":46}},"245":{"start":{"line":246,"column":0},"end":{"line":246,"column":47}},"246":{"start":{"line":247,"column":0},"end":{"line":247,"column":54}},"247":{"start":{"line":248,"column":0},"end":{"line":248,"column":50}},"248":{"start":{"line":249,"column":0},"end":{"line":249,"column":58}},"251":{"start":{"line":252,"column":0},"end":{"line":252,"column":25}},"252":{"start":{"line":253,"column":0},"end":{"line":253,"column":46}},"253":{"start":{"line":254,"column":0},"end":{"line":254,"column":42}},"254":{"start":{"line":255,"column":0},"end":{"line":255,"column":31}},"255":{"start":{"line":256,"column":0},"end":{"line":256,"column":32}},"256":{"start":{"line":257,"column":0},"end":{"line":257,"column":65}},"257":{"start":{"line":258,"column":0},"end":{"line":258,"column":76}},"260":{"start":{"line":261,"column":0},"end":{"line":261,"column":31}},"261":{"start":{"line":262,"column":0},"end":{"line":262,"column":63}},"262":{"start":{"line":263,"column":0},"end":{"line":263,"column":52}},"263":{"start":{"line":264,"column":0},"end":{"line":264,"column":89}},"264":{"start":{"line":265,"column":0},"end":{"line":265,"column":90}},"267":{"start":{"line":268,"column":0},"end":{"line":268,"column":29}},"268":{"start":{"line":269,"column":0},"end":{"line":269,"column":68}},"269":{"start":{"line":270,"column":0},"end":{"line":270,"column":87}},"273":{"start":{"line":274,"column":0},"end":{"line":274,"column":32}},"274":{"start":{"line":275,"column":0},"end":{"line":275,"column":70}},"275":{"start":{"line":276,"column":0},"end":{"line":276,"column":54}},"278":{"start":{"line":279,"column":0},"end":{"line":279,"column":31}},"279":{"start":{"line":280,"column":0},"end":{"line":280,"column":73}},"280":{"start":{"line":281,"column":0},"end":{"line":281,"column":37}},"283":{"start":{"line":284,"column":0},"end":{"line":284,"column":93}},"284":{"start":{"line":285,"column":0},"end":{"line":285,"column":93}},"285":{"start":{"line":286,"column":0},"end":{"line":286,"column":31}},"286":{"start":{"line":287,"column":0},"end":{"line":287,"column":36}},"287":{"start":{"line":288,"column":0},"end":{"line":288,"column":53}},"288":{"start":{"line":289,"column":0},"end":{"line":289,"column":62}},"289":{"start":{"line":290,"column":0},"end":{"line":290,"column":66}},"292":{"start":{"line":293,"column":0},"end":{"line":293,"column":57}},"293":{"start":{"line":294,"column":0},"end":{"line":294,"column":70}},"294":{"start":{"line":295,"column":0},"end":{"line":295,"column":51}},"295":{"start":{"line":296,"column":0},"end":{"line":296,"column":44}},"296":{"start":{"line":297,"column":0},"end":{"line":297,"column":61}},"299":{"start":{"line":300,"column":0},"end":{"line":300,"column":44}},"300":{"start":{"line":301,"column":0},"end":{"line":301,"column":61}},"303":{"start":{"line":304,"column":0},"end":{"line":304,"column":44}},"304":{"start":{"line":305,"column":0},"end":{"line":305,"column":63}},"307":{"start":{"line":308,"column":0},"end":{"line":308,"column":51}},"308":{"start":{"line":309,"column":0},"end":{"line":309,"column":69}},"309":{"start":{"line":310,"column":0},"end":{"line":310,"column":60}},"312":{"start":{"line":313,"column":0},"end":{"line":313,"column":73}},"313":{"start":{"line":314,"column":0},"end":{"line":314,"column":63}},"325":{"start":{"line":326,"column":0},"end":{"line":326,"column":68}},"326":{"start":{"line":327,"column":0},"end":{"line":327,"column":59}},"327":{"start":{"line":328,"column":0},"end":{"line":328,"column":79}},"329":{"start":{"line":330,"column":0},"end":{"line":330,"column":55}},"330":{"start":{"line":331,"column":0},"end":{"line":331,"column":61}},"331":{"start":{"line":332,"column":0},"end":{"line":332,"column":53}},"333":{"start":{"line":334,"column":0},"end":{"line":334,"column":109}},"334":{"start":{"line":335,"column":0},"end":{"line":335,"column":62}},"335":{"start":{"line":336,"column":0},"end":{"line":336,"column":62}},"336":{"start":{"line":337,"column":0},"end":{"line":337,"column":52}},"337":{"start":{"line":338,"column":0},"end":{"line":338,"column":54}},"346":{"start":{"line":347,"column":0},"end":{"line":347,"column":1}}},"s":{"0":0,"56":0,"57":0,"58":0,"59":0,"60":0,"61":0,"62":0,"63":0,"64":0,"65":0,"67":0,"68":0,"69":0,"70":0,"71":0,"73":0,"74":0,"75":0,"76":0,"77":0,"79":0,"80":0,"81":0,"82":0,"83":0,"85":0,"86":0,"87":0,"88":0,"89":0,"90":0,"91":0,"93":0,"94":0,"95":0,"96":0,"97":0,"99":0,"101":0,"102":0,"103":0,"104":0,"105":0,"106":0,"107":0,"109":0,"110":0,"111":0,"112":0,"113":0,"116":0,"118":0,"119":0,"120":0,"121":0,"122":0,"125":0,"126":0,"127":0,"128":0,"131":0,"132":0,"133":0,"134":0,"137":0,"138":0,"139":0,"140":0,"146":0,"147":0,"148":0,"149":0,"150":0,"151":0,"152":0,"153":0,"154":0,"155":0,"156":0,"159":0,"160":0,"161":0,"163":0,"164":0,"165":0,"166":0,"167":0,"170":0,"171":0,"172":0,"174":0,"175":0,"176":0,"177":0,"178":0,"182":0,"183":0,"184":0,"187":0,"188":0,"189":0,"190":0,"194":0,"195":0,"196":0,"197":0,"201":0,"202":0,"203":0,"204":0,"206":0,"207":0,"208":0,"210":0,"211":0,"212":0,"213":0,"214":0,"216":0,"217":0,"218":0,"219":0,"224":0,"225":0,"226":0,"233":0,"234":0,"235":0,"236":0,"237":0,"238":0,"239":0,"240":0,"243":0,"244":0,"245":0,"246":0,"247":0,"248":0,"251":0,"252":0,"253":0,"254":0,"255":0,"256":0,"257":0,"260":0,"261":0,"262":0,"263":0,"264":0,"267":0,"268":0,"269":0,"273":0,"274":0,"275":0,"278":0,"279":0,"280":0,"283":0,"284":0,"285":0,"286":0,"287":0,"288":0,"289":0,"292":0,"293":0,"294":0,"295":0,"296":0,"299":0,"300":0,"303":0,"304":0,"307":0,"308":0,"309":0,"312":0,"313":0,"325":0,"326":0,"327":0,"329":0,"330":0,"331":0,"333":0,"334":0,"335":0,"336":0,"337":0,"346":0},"branchMap":{"0":{"type":"branch","line":1,"loc":{"start":{"line":1,"column":15034},"end":{"line":347,"column":1}},"locations":[{"start":{"line":1,"column":15034},"end":{"line":347,"column":1}}]}},"b":{"0":[0]},"fnMap":{"0":{"name":"(empty-report)","decl":{"start":{"line":1,"column":15034},"end":{"line":347,"column":1}},"loc":{"start":{"line":1,"column":15034},"end":{"line":347,"column":1}},"line":1}},"f":{"0":0}}
}
